2021/06/25 16:17:30 [notice] 1#1: using the "epoll" event method
2021/06/25 16:17:30 [notice] 1#1: nginx/1.21.0
2021/06/25 16:17:30 [notice] 1#1: built by gcc 10.2.1 20201203 (Alpine 10.2.1_pre1) 
2021/06/25 16:17:30 [notice] 1#1: OS: Linux 4.18.0-305.3.1.el8.x86_64
2021/06/25 16:17:30 [notice] 1#1: getrlimit(RLIMIT_NOFILE): 1048576:1048576
2021/06/25 16:17:30 [notice] 1#1: start worker processes
2021/06/25 16:17:30 [notice] 1#1: start worker process 22
2021/06/25 16:17:30 [notice] 1#1: start worker process 23
2021/06/25 16:20:04 [notice] 1#1: signal 3 (SIGQUIT) received, shutting down
2021/06/25 16:20:04 [notice] 23#23: gracefully shutting down
2021/06/25 16:20:04 [notice] 23#23: exiting
2021/06/25 16:20:04 [notice] 23#23: exit
2021/06/25 16:20:04 [notice] 22#22: gracefully shutting down
2021/06/25 16:20:04 [notice] 22#22: exiting
2021/06/25 16:20:04 [notice] 22#22: exit
2021/06/25 16:20:04 [notice] 1#1: signal 17 (SIGCHLD) received from 23
2021/06/25 16:20:04 [notice] 1#1: worker process 23 exited with code 0
2021/06/25 16:20:04 [notice] 1#1: signal 29 (SIGIO) received
2021/06/25 16:20:04 [notice] 1#1: signal 17 (SIGCHLD) received from 22
2021/06/25 16:20:04 [notice] 1#1: worker process 22 exited with code 0
2021/06/25 16:20:04 [notice] 1#1: exit
2021/06/25 16:20:16 [notice] 1#1: using the "epoll" event method
2021/06/25 16:20:16 [notice] 1#1: nginx/1.21.0
2021/06/25 16:20:16 [notice] 1#1: built by gcc 10.2.1 20201203 (Alpine 10.2.1_pre1) 
2021/06/25 16:20:16 [notice] 1#1: OS: Linux 4.18.0-305.3.1.el8.x86_64
2021/06/25 16:20:16 [notice] 1#1: getrlimit(RLIMIT_NOFILE): 1048576:1048576
2021/06/25 16:20:16 [notice] 1#1: start worker processes
2021/06/25 16:20:16 [notice] 1#1: start worker process 22
2021/06/25 16:20:16 [notice] 1#1: start worker process 23
2021/06/25 16:22:56 [notice] 1#1: signal 3 (SIGQUIT) received, shutting down
2021/06/25 16:22:56 [notice] 23#23: gracefully shutting down
2021/06/25 16:22:56 [notice] 23#23: exiting
2021/06/25 16:22:56 [notice] 23#23: exit
2021/06/25 16:22:56 [notice] 22#22: gracefully shutting down
2021/06/25 16:22:56 [notice] 22#22: exiting
2021/06/25 16:22:56 [notice] 22#22: exit
2021/06/25 16:22:56 [notice] 1#1: signal 17 (SIGCHLD) received from 22
2021/06/25 16:22:56 [notice] 1#1: worker process 22 exited with code 0
2021/06/25 16:22:56 [notice] 1#1: signal 29 (SIGIO) received
2021/06/25 16:22:56 [notice] 1#1: signal 17 (SIGCHLD) received from 23
2021/06/25 16:22:56 [notice] 1#1: worker process 23 exited with code 0
2021/06/25 16:22:56 [notice] 1#1: exit
2021/06/25 16:23:11 [notice] 1#1: using the "epoll" event method
2021/06/25 16:23:11 [notice] 1#1: nginx/1.21.0
2021/06/25 16:23:11 [notice] 1#1: built by gcc 10.2.1 20201203 (Alpine 10.2.1_pre1) 
2021/06/25 16:23:11 [notice] 1#1: OS: Linux 4.18.0-305.3.1.el8.x86_64
2021/06/25 16:23:11 [notice] 1#1: getrlimit(RLIMIT_NOFILE): 1048576:1048576
2021/06/25 16:23:11 [notice] 1#1: start worker processes
2021/06/25 16:23:11 [notice] 1#1: start worker process 22
2021/06/25 16:23:11 [notice] 1#1: start worker process 23
2021/06/25 16:24:29 [notice] 1#1: signal 3 (SIGQUIT) received, shutting down
2021/06/25 16:24:29 [notice] 22#22: gracefully shutting down
2021/06/25 16:24:29 [notice] 22#22: exiting
2021/06/25 16:24:29 [notice] 22#22: exit
2021/06/25 16:24:29 [notice] 23#23: gracefully shutting down
2021/06/25 16:24:29 [notice] 23#23: exiting
2021/06/25 16:24:29 [notice] 23#23: exit
2021/06/25 16:24:29 [notice] 1#1: signal 17 (SIGCHLD) received from 23
2021/06/25 16:24:29 [notice] 1#1: worker process 23 exited with code 0
2021/06/25 16:24:29 [notice] 1#1: signal 29 (SIGIO) received
2021/06/25 16:24:29 [notice] 1#1: signal 17 (SIGCHLD) received from 22
2021/06/25 16:24:29 [notice] 1#1: worker process 22 exited with code 0
2021/06/25 16:24:29 [notice] 1#1: exit
2021/06/25 16:24:41 [notice] 1#1: using the "epoll" event method
2021/06/25 16:24:41 [notice] 1#1: nginx/1.21.0
2021/06/25 16:24:41 [notice] 1#1: built by gcc 10.2.1 20201203 (Alpine 10.2.1_pre1) 
2021/06/25 16:24:41 [notice] 1#1: OS: Linux 4.18.0-305.3.1.el8.x86_64
2021/06/25 16:24:41 [notice] 1#1: getrlimit(RLIMIT_NOFILE): 1048576:1048576
2021/06/25 16:24:41 [notice] 1#1: start worker processes
2021/06/25 16:24:41 [notice] 1#1: start worker process 22
2021/06/25 16:24:41 [notice] 1#1: start worker process 23
2021/06/25 16:26:30 [notice] 1#1: signal 3 (SIGQUIT) received, shutting down
2021/06/25 16:26:30 [notice] 23#23: gracefully shutting down
2021/06/25 16:26:30 [notice] 23#23: exiting
2021/06/25 16:26:30 [notice] 23#23: exit
2021/06/25 16:26:30 [notice] 22#22: gracefully shutting down
2021/06/25 16:26:30 [notice] 22#22: exiting
2021/06/25 16:26:30 [notice] 22#22: exit
2021/06/25 16:26:30 [notice] 1#1: signal 17 (SIGCHLD) received from 23
2021/06/25 16:26:30 [notice] 1#1: worker process 23 exited with code 0
2021/06/25 16:26:30 [notice] 1#1: signal 29 (SIGIO) received
2021/06/25 16:26:30 [notice] 1#1: signal 17 (SIGCHLD) received from 22
2021/06/25 16:26:30 [notice] 1#1: worker process 22 exited with code 0
2021/06/25 16:26:30 [notice] 1#1: exit
2021/06/25 16:26:42 [notice] 1#1: using the "epoll" event method
2021/06/25 16:26:42 [notice] 1#1: nginx/1.21.0
2021/06/25 16:26:42 [notice] 1#1: built by gcc 10.2.1 20201203 (Alpine 10.2.1_pre1) 
2021/06/25 16:26:42 [notice] 1#1: OS: Linux 4.18.0-305.3.1.el8.x86_64
2021/06/25 16:26:42 [notice] 1#1: getrlimit(RLIMIT_NOFILE): 1048576:1048576
2021/06/25 16:26:42 [notice] 1#1: start worker processes
2021/06/25 16:26:42 [notice] 1#1: start worker process 22
2021/06/25 16:26:42 [notice] 1#1: start worker process 23
2021/06/25 16:28:28 [notice] 1#1: signal 3 (SIGQUIT) received, shutting down
2021/06/25 16:28:28 [notice] 22#22: gracefully shutting down
2021/06/25 16:28:28 [notice] 22#22: exiting
2021/06/25 16:28:28 [notice] 22#22: exit
2021/06/25 16:28:28 [notice] 23#23: gracefully shutting down
2021/06/25 16:28:28 [notice] 23#23: exiting
2021/06/25 16:28:28 [notice] 23#23: exit
2021/06/25 16:28:28 [notice] 1#1: signal 17 (SIGCHLD) received from 23
2021/06/25 16:28:28 [notice] 1#1: worker process 23 exited with code 0
2021/06/25 16:28:28 [notice] 1#1: signal 29 (SIGIO) received
2021/06/25 16:28:28 [notice] 1#1: signal 17 (SIGCHLD) received from 22
2021/06/25 16:28:28 [notice] 1#1: worker process 22 exited with code 0
2021/06/25 16:28:28 [notice] 1#1: exit
2021/06/25 16:28:40 [notice] 1#1: using the "epoll" event method
2021/06/25 16:28:40 [notice] 1#1: nginx/1.21.0
2021/06/25 16:28:40 [notice] 1#1: built by gcc 10.2.1 20201203 (Alpine 10.2.1_pre1) 
2021/06/25 16:28:40 [notice] 1#1: OS: Linux 4.18.0-305.3.1.el8.x86_64
2021/06/25 16:28:40 [notice] 1#1: getrlimit(RLIMIT_NOFILE): 1048576:1048576
2021/06/25 16:28:40 [notice] 1#1: start worker processes
2021/06/25 16:28:40 [notice] 1#1: start worker process 22
2021/06/25 16:28:40 [notice] 1#1: start worker process 23
2021/06/25 16:31:04 [notice] 1#1: signal 3 (SIGQUIT) received, shutting down
2021/06/25 16:31:04 [notice] 22#22: gracefully shutting down
2021/06/25 16:31:04 [notice] 22#22: exiting
2021/06/25 16:31:04 [notice] 23#23: gracefully shutting down
2021/06/25 16:31:04 [notice] 23#23: exiting
2021/06/25 16:31:04 [notice] 22#22: exit
2021/06/25 16:31:04 [notice] 23#23: exit
2021/06/25 16:31:04 [notice] 1#1: signal 17 (SIGCHLD) received from 22
2021/06/25 16:31:04 [notice] 1#1: worker process 22 exited with code 0
2021/06/25 16:31:04 [notice] 1#1: signal 29 (SIGIO) received
2021/06/25 16:31:04 [notice] 1#1: signal 17 (SIGCHLD) received from 23
2021/06/25 16:31:04 [notice] 1#1: worker process 23 exited with code 0
2021/06/25 16:31:04 [notice] 1#1: exit
2021/06/25 16:31:16 [notice] 1#1: using the "epoll" event method
2021/06/25 16:31:16 [notice] 1#1: nginx/1.21.0
2021/06/25 16:31:16 [notice] 1#1: built by gcc 10.2.1 20201203 (Alpine 10.2.1_pre1) 
2021/06/25 16:31:16 [notice] 1#1: OS: Linux 4.18.0-305.3.1.el8.x86_64
2021/06/25 16:31:16 [notice] 1#1: getrlimit(RLIMIT_NOFILE): 1048576:1048576
2021/06/25 16:31:16 [notice] 1#1: start worker processes
2021/06/25 16:31:16 [notice] 1#1: start worker process 22
2021/06/25 16:31:16 [notice] 1#1: start worker process 23
2021/06/25 16:31:55 [notice] 1#1: signal 3 (SIGQUIT) received, shutting down
2021/06/25 16:31:55 [notice] 23#23: gracefully shutting down
2021/06/25 16:31:55 [notice] 23#23: exiting
2021/06/25 16:31:55 [notice] 23#23: exit
2021/06/25 16:31:55 [notice] 22#22: gracefully shutting down
2021/06/25 16:31:55 [notice] 22#22: exiting
2021/06/25 16:31:55 [notice] 22#22: exit
2021/06/25 16:31:55 [notice] 1#1: signal 17 (SIGCHLD) received from 23
2021/06/25 16:31:55 [notice] 1#1: worker process 23 exited with code 0
2021/06/25 16:31:56 [notice] 1#1: signal 29 (SIGIO) received
2021/06/25 16:31:56 [notice] 1#1: signal 17 (SIGCHLD) received from 22
2021/06/25 16:31:56 [notice] 1#1: worker process 22 exited with code 0
2021/06/25 16:31:56 [notice] 1#1: exit
2021/06/25 16:32:07 [notice] 1#1: using the "epoll" event method
2021/06/25 16:32:07 [notice] 1#1: nginx/1.21.0
2021/06/25 16:32:07 [notice] 1#1: built by gcc 10.2.1 20201203 (Alpine 10.2.1_pre1) 
2021/06/25 16:32:07 [notice] 1#1: OS: Linux 4.18.0-305.3.1.el8.x86_64
2021/06/25 16:32:07 [notice] 1#1: getrlimit(RLIMIT_NOFILE): 1048576:1048576
2021/06/25 16:32:07 [notice] 1#1: start worker processes
2021/06/25 16:32:07 [notice] 1#1: start worker process 22
2021/06/25 16:32:07 [notice] 1#1: start worker process 23
2021/06/25 16:32:21 [warn] 22#22: *1 an upstream response is buffered to a temporary file /var/cache/nginx/proxy_temp/1/00/0000000001 while reading upstream, client: 172.30.0.4, server: k8s-master.ml, request: "GET /portainer/vendor.de66c036cb679d6e7e5c.js HTTP/1.1", upstream: "http://172.30.0.3:9000/vendor.de66c036cb679d6e7e5c.js", host: "k8s-master.ml", referrer: "https://k8s-master.ml/portainer/"
2021/06/25 17:34:18 [notice] 1#1: signal 3 (SIGQUIT) received, shutting down
2021/06/25 17:34:18 [notice] 23#23: gracefully shutting down
2021/06/25 17:34:18 [notice] 23#23: exiting
2021/06/25 17:34:18 [notice] 23#23: exit
2021/06/25 17:34:18 [notice] 22#22: gracefully shutting down
2021/06/25 17:34:18 [notice] 22#22: exiting
2021/06/25 17:34:18 [notice] 22#22: exit
2021/06/25 17:34:18 [notice] 1#1: signal 17 (SIGCHLD) received from 23
2021/06/25 17:34:18 [notice] 1#1: worker process 23 exited with code 0
2021/06/25 17:34:18 [notice] 1#1: signal 29 (SIGIO) received
2021/06/25 17:34:18 [notice] 1#1: signal 17 (SIGCHLD) received from 22
2021/06/25 17:34:18 [notice] 1#1: worker process 22 exited with code 0
2021/06/25 17:34:18 [notice] 1#1: exit
2021/06/25 17:34:30 [notice] 1#1: using the "epoll" event method
2021/06/25 17:34:30 [notice] 1#1: nginx/1.21.0
2021/06/25 17:34:30 [notice] 1#1: built by gcc 10.2.1 20201203 (Alpine 10.2.1_pre1) 
2021/06/25 17:34:30 [notice] 1#1: OS: Linux 4.18.0-305.3.1.el8.x86_64
2021/06/25 17:34:30 [notice] 1#1: getrlimit(RLIMIT_NOFILE): 1048576:1048576
2021/06/25 17:34:30 [notice] 1#1: start worker processes
2021/06/25 17:34:30 [notice] 1#1: start worker process 22
2021/06/25 17:34:30 [notice] 1#1: start worker process 23
2021/06/25 17:34:37 [notice] 1#1: signal 3 (SIGQUIT) received, shutting down
2021/06/25 17:34:37 [notice] 22#22: gracefully shutting down
2021/06/25 17:34:37 [notice] 22#22: exiting
2021/06/25 17:34:37 [notice] 22#22: exit
2021/06/25 17:34:37 [notice] 23#23: gracefully shutting down
2021/06/25 17:34:37 [notice] 23#23: exiting
2021/06/25 17:34:37 [notice] 23#23: exit
2021/06/25 17:34:37 [notice] 1#1: signal 17 (SIGCHLD) received from 22
2021/06/25 17:34:37 [notice] 1#1: worker process 22 exited with code 0
2021/06/25 17:34:37 [notice] 1#1: signal 29 (SIGIO) received
2021/06/25 17:34:37 [notice] 1#1: signal 17 (SIGCHLD) received from 23
2021/06/25 17:34:37 [notice] 1#1: worker process 23 exited with code 0
2021/06/25 17:34:37 [notice] 1#1: exit
2021/06/25 17:34:48 [notice] 1#1: using the "epoll" event method
2021/06/25 17:34:48 [notice] 1#1: nginx/1.21.0
2021/06/25 17:34:48 [notice] 1#1: built by gcc 10.2.1 20201203 (Alpine 10.2.1_pre1) 
2021/06/25 17:34:48 [notice] 1#1: OS: Linux 4.18.0-305.3.1.el8.x86_64
2021/06/25 17:34:48 [notice] 1#1: getrlimit(RLIMIT_NOFILE): 1048576:1048576
2021/06/25 17:34:48 [notice] 1#1: start worker processes
2021/06/25 17:34:48 [notice] 1#1: start worker process 22
2021/06/25 17:34:48 [notice] 1#1: start worker process 23
2021/06/25 18:06:04 [error] 22#22: *100 open() "/usr/share/nginx/html/sdk" failed (2: No such file or directory), client: 192.168.0.3, server: k8s-master.ml, request: "POST /sdk HTTP/1.1", host: "107.167.188.105"
2021/06/25 18:06:08 [error] 22#22: *101 open() "/usr/share/nginx/html/nmaplowercheck1624615547" failed (2: No such file or directory), client: 192.168.0.3, server: k8s-master.ml, request: "GET /nmaplowercheck1624615547 HTTP/1.1", host: "107.167.188.105"
2021/06/25 18:06:08 [error] 22#22: *102 open() "/usr/share/nginx/html/HNAP1" failed (2: No such file or directory), client: 192.168.0.3, server: k8s-master.ml, request: "GET /HNAP1 HTTP/1.1", host: "107.167.188.105"
2021/06/25 18:06:25 [error] 22#22: *104 open() "/usr/share/nginx/html/evox/about" failed (2: No such file or directory), client: 192.168.0.3, server: k8s-master.ml, request: "GET /evox/about HTTP/1.1", host: "107.167.188.105"
2021/06/25 18:14:09 [notice] 1#1: signal 3 (SIGQUIT) received, shutting down
2021/06/25 18:14:09 [notice] 23#23: gracefully shutting down
2021/06/25 18:14:09 [notice] 23#23: exiting
2021/06/25 18:14:09 [notice] 23#23: exit
2021/06/25 18:14:09 [notice] 22#22: gracefully shutting down
2021/06/25 18:14:09 [notice] 22#22: exiting
2021/06/25 18:14:09 [notice] 22#22: exit
2021/06/25 18:14:09 [notice] 1#1: signal 17 (SIGCHLD) received from 22
2021/06/25 18:14:09 [notice] 1#1: worker process 22 exited with code 0
2021/06/25 18:14:09 [notice] 1#1: signal 29 (SIGIO) received
2021/06/25 18:14:09 [notice] 1#1: signal 17 (SIGCHLD) received from 23
2021/06/25 18:14:09 [notice] 1#1: worker process 23 exited with code 0
2021/06/25 18:14:09 [notice] 1#1: exit
2021/06/25 18:14:31 [notice] 1#1: using the "epoll" event method
2021/06/25 18:14:31 [notice] 1#1: nginx/1.21.0
2021/06/25 18:14:31 [notice] 1#1: built by gcc 10.2.1 20201203 (Alpine 10.2.1_pre1) 
2021/06/25 18:14:31 [notice] 1#1: OS: Linux 4.18.0-305.3.1.el8.x86_64
2021/06/25 18:14:31 [notice] 1#1: getrlimit(RLIMIT_NOFILE): 1048576:1048576
2021/06/25 18:14:31 [notice] 1#1: start worker processes
2021/06/25 18:14:31 [notice] 1#1: start worker process 22
2021/06/25 18:14:31 [notice] 1#1: start worker process 23
2021/06/25 18:14:37 [notice] 1#1: signal 3 (SIGQUIT) received, shutting down
2021/06/25 18:14:37 [notice] 23#23: gracefully shutting down
2021/06/25 18:14:37 [notice] 23#23: exiting
2021/06/25 18:14:37 [notice] 23#23: exit
2021/06/25 18:14:37 [notice] 22#22: gracefully shutting down
2021/06/25 18:14:37 [notice] 22#22: exiting
2021/06/25 18:14:37 [notice] 22#22: exit
2021/06/25 18:14:37 [notice] 1#1: signal 17 (SIGCHLD) received from 23
2021/06/25 18:14:37 [notice] 1#1: worker process 23 exited with code 0
2021/06/25 18:14:37 [notice] 1#1: signal 29 (SIGIO) received
2021/06/25 18:14:37 [notice] 1#1: signal 17 (SIGCHLD) received from 22
2021/06/25 18:14:37 [notice] 1#1: worker process 22 exited with code 0
2021/06/25 18:14:37 [notice] 1#1: exit
2021/06/25 18:14:49 [notice] 1#1: using the "epoll" event method
2021/06/25 18:14:49 [notice] 1#1: nginx/1.21.0
2021/06/25 18:14:49 [notice] 1#1: built by gcc 10.2.1 20201203 (Alpine 10.2.1_pre1) 
2021/06/25 18:14:49 [notice] 1#1: OS: Linux 4.18.0-305.3.1.el8.x86_64
2021/06/25 18:14:49 [notice] 1#1: getrlimit(RLIMIT_NOFILE): 1048576:1048576
2021/06/25 18:14:49 [notice] 1#1: start worker processes
2021/06/25 18:14:49 [notice] 1#1: start worker process 22
2021/06/25 18:14:49 [notice] 1#1: start worker process 23
2021/06/25 18:16:48 [notice] 1#1: signal 3 (SIGQUIT) received, shutting down
2021/06/25 18:16:48 [notice] 22#22: gracefully shutting down
2021/06/25 18:16:48 [notice] 22#22: exiting
2021/06/25 18:16:48 [notice] 22#22: exit
2021/06/25 18:16:48 [notice] 23#23: gracefully shutting down
2021/06/25 18:16:48 [notice] 23#23: exiting
2021/06/25 18:16:48 [notice] 23#23: exit
2021/06/25 18:16:48 [notice] 1#1: signal 17 (SIGCHLD) received from 22
2021/06/25 18:16:48 [notice] 1#1: worker process 22 exited with code 0
2021/06/25 18:16:48 [notice] 1#1: signal 29 (SIGIO) received
2021/06/25 18:16:48 [notice] 1#1: signal 17 (SIGCHLD) received from 23
2021/06/25 18:16:48 [notice] 1#1: worker process 23 exited with code 0
2021/06/25 18:16:48 [notice] 1#1: exit
2021/06/25 18:17:00 [emerg] 1#1: host not found in upstream "https" in /etc/nginx/conf.d/k8s-master.ml.conf:20
2021/06/25 18:17:01 [emerg] 1#1: host not found in upstream "https" in /etc/nginx/conf.d/k8s-master.ml.conf:20
2021/06/25 18:17:02 [emerg] 1#1: host not found in upstream "https" in /etc/nginx/conf.d/k8s-master.ml.conf:20
2021/06/25 18:17:03 [emerg] 1#1: host not found in upstream "https" in /etc/nginx/conf.d/k8s-master.ml.conf:20
2021/06/25 18:17:04 [emerg] 1#1: host not found in upstream "https" in /etc/nginx/conf.d/k8s-master.ml.conf:20
2021/06/25 18:17:07 [emerg] 1#1: host not found in upstream "https" in /etc/nginx/conf.d/k8s-master.ml.conf:20
2021/06/25 18:17:10 [emerg] 1#1: host not found in upstream "https" in /etc/nginx/conf.d/k8s-master.ml.conf:20
2021/06/25 18:17:17 [emerg] 1#1: host not found in upstream "https" in /etc/nginx/conf.d/k8s-master.ml.conf:20
2021/06/25 18:17:31 [emerg] 1#1: host not found in upstream "https" in /etc/nginx/conf.d/k8s-master.ml.conf:20
2021/06/25 18:17:57 [emerg] 1#1: host not found in upstream "https" in /etc/nginx/conf.d/k8s-master.ml.conf:20
2021/06/25 18:18:49 [emerg] 1#1: host not found in upstream "https" in /etc/nginx/conf.d/k8s-master.ml.conf:20
2021/06/25 18:19:50 [emerg] 1#1: host not found in upstream "https" in /etc/nginx/conf.d/k8s-master.ml.conf:20
2021/06/25 18:20:46 [notice] 1#1: using the "epoll" event method
2021/06/25 18:20:46 [notice] 1#1: nginx/1.21.0
2021/06/25 18:20:46 [notice] 1#1: built by gcc 10.2.1 20201203 (Alpine 10.2.1_pre1) 
2021/06/25 18:20:46 [notice] 1#1: OS: Linux 4.18.0-305.3.1.el8.x86_64
2021/06/25 18:20:46 [notice] 1#1: getrlimit(RLIMIT_NOFILE): 1048576:1048576
2021/06/25 18:20:46 [notice] 1#1: start worker processes
2021/06/25 18:20:46 [notice] 1#1: start worker process 22
2021/06/25 18:20:46 [notice] 1#1: start worker process 23
2021/06/25 18:39:37 [notice] 1#1: signal 3 (SIGQUIT) received, shutting down
2021/06/25 18:39:37 [notice] 23#23: gracefully shutting down
2021/06/25 18:39:37 [notice] 23#23: exiting
2021/06/25 18:39:37 [notice] 23#23: exit
2021/06/25 18:39:37 [notice] 22#22: gracefully shutting down
2021/06/25 18:39:37 [notice] 22#22: exiting
2021/06/25 18:39:37 [notice] 22#22: exit
2021/06/25 18:39:37 [notice] 1#1: signal 17 (SIGCHLD) received from 23
2021/06/25 18:39:37 [notice] 1#1: worker process 23 exited with code 0
2021/06/25 18:39:37 [notice] 1#1: signal 29 (SIGIO) received
2021/06/25 18:39:37 [notice] 1#1: signal 17 (SIGCHLD) received from 22
2021/06/25 18:39:37 [notice] 1#1: worker process 22 exited with code 0
2021/06/25 18:39:37 [notice] 1#1: exit
2021/06/25 18:43:56 [notice] 1#1: using the "epoll" event method
2021/06/25 18:43:56 [notice] 1#1: nginx/1.21.0
2021/06/25 18:43:56 [notice] 1#1: built by gcc 10.2.1 20201203 (Alpine 10.2.1_pre1) 
2021/06/25 18:43:56 [notice] 1#1: OS: Linux 4.18.0-305.3.1.el8.x86_64
2021/06/25 18:43:56 [notice] 1#1: getrlimit(RLIMIT_NOFILE): 1048576:1048576
2021/06/25 18:43:56 [notice] 1#1: start worker processes
2021/06/25 18:43:56 [notice] 1#1: start worker process 22
2021/06/25 18:43:56 [notice] 1#1: start worker process 23
2021/06/25 18:58:02 [error] 23#23: *145 upstream prematurely closed connection while reading upstream, client: 192.168.128.3, server: k8s-master.ml, request: "GET /grafana/api/gnet/dashboards/193 HTTP/1.1", upstream: "http://192.168.128.9:3000/api/gnet/dashboards/193", host: "k8s-master.ml", referrer: "https://k8s-master.ml/grafana/dashboard/import"
2021/06/25 18:59:34 [notice] 1#1: signal 3 (SIGQUIT) received, shutting down
2021/06/25 18:59:34 [notice] 22#22: gracefully shutting down
2021/06/25 18:59:34 [notice] 22#22: exiting
2021/06/25 18:59:34 [notice] 22#22: exit
2021/06/25 18:59:34 [notice] 23#23: gracefully shutting down
2021/06/25 18:59:34 [notice] 23#23: exiting
2021/06/25 18:59:34 [notice] 23#23: exit
2021/06/25 18:59:34 [notice] 1#1: signal 17 (SIGCHLD) received from 22
2021/06/25 18:59:34 [notice] 1#1: worker process 22 exited with code 0
2021/06/25 18:59:34 [notice] 1#1: worker process 23 exited with code 0
2021/06/25 18:59:34 [notice] 1#1: exit
2021/06/25 18:59:49 [notice] 1#1: using the "epoll" event method
2021/06/25 18:59:49 [notice] 1#1: nginx/1.21.0
2021/06/25 18:59:49 [notice] 1#1: built by gcc 10.2.1 20201203 (Alpine 10.2.1_pre1) 
2021/06/25 18:59:49 [notice] 1#1: OS: Linux 4.18.0-305.3.1.el8.x86_64
2021/06/25 18:59:49 [notice] 1#1: getrlimit(RLIMIT_NOFILE): 1048576:1048576
2021/06/25 18:59:49 [notice] 1#1: start worker processes
2021/06/25 18:59:49 [notice] 1#1: start worker process 22
2021/06/25 18:59:49 [notice] 1#1: start worker process 23
2021/06/25 19:09:54 [notice] 1#1: signal 3 (SIGQUIT) received, shutting down
2021/06/25 19:09:54 [notice] 22#22: gracefully shutting down
2021/06/25 19:09:54 [notice] 22#22: exiting
2021/06/25 19:09:54 [notice] 22#22: exit
2021/06/25 19:09:54 [notice] 23#23: gracefully shutting down
2021/06/25 19:09:54 [notice] 23#23: exiting
2021/06/25 19:09:54 [notice] 23#23: exit
2021/06/25 19:09:54 [notice] 1#1: signal 17 (SIGCHLD) received from 22
2021/06/25 19:09:54 [notice] 1#1: worker process 22 exited with code 0
2021/06/25 19:09:54 [notice] 1#1: signal 29 (SIGIO) received
2021/06/25 19:09:54 [notice] 1#1: signal 17 (SIGCHLD) received from 23
2021/06/25 19:09:54 [notice] 1#1: worker process 23 exited with code 0
2021/06/25 19:09:54 [notice] 1#1: exit
2021/06/25 19:37:12 [notice] 1#1: using the "epoll" event method
2021/06/25 19:37:12 [notice] 1#1: nginx/1.21.0
2021/06/25 19:37:12 [notice] 1#1: built by gcc 10.2.1 20201203 (Alpine 10.2.1_pre1) 
2021/06/25 19:37:12 [notice] 1#1: OS: Linux 4.18.0-305.3.1.el8.x86_64
2021/06/25 19:37:12 [notice] 1#1: getrlimit(RLIMIT_NOFILE): 1048576:1048576
2021/06/25 19:37:12 [notice] 1#1: start worker processes
2021/06/25 19:37:12 [notice] 1#1: start worker process 22
2021/06/25 19:37:12 [notice] 1#1: start worker process 23
2021/06/25 19:38:57 [notice] 1#1: signal 3 (SIGQUIT) received, shutting down
2021/06/25 19:38:57 [notice] 23#23: gracefully shutting down
2021/06/25 19:38:57 [notice] 23#23: exiting
2021/06/25 19:38:57 [notice] 22#22: gracefully shutting down
2021/06/25 19:38:57 [notice] 22#22: exiting
2021/06/25 19:38:57 [notice] 23#23: exit
2021/06/25 19:38:57 [notice] 22#22: exit
2021/06/25 19:38:57 [notice] 1#1: signal 17 (SIGCHLD) received from 23
2021/06/25 19:38:57 [notice] 1#1: worker process 23 exited with code 0
2021/06/25 19:38:57 [notice] 1#1: signal 29 (SIGIO) received
2021/06/25 19:38:57 [notice] 1#1: signal 17 (SIGCHLD) received from 22
2021/06/25 19:38:57 [notice] 1#1: worker process 22 exited with code 0
2021/06/25 19:38:57 [notice] 1#1: exit
2021/06/25 19:39:16 [notice] 1#1: using the "epoll" event method
2021/06/25 19:39:16 [notice] 1#1: nginx/1.21.0
2021/06/25 19:39:16 [notice] 1#1: built by gcc 10.2.1 20201203 (Alpine 10.2.1_pre1) 
2021/06/25 19:39:16 [notice] 1#1: OS: Linux 4.18.0-305.3.1.el8.x86_64
2021/06/25 19:39:16 [notice] 1#1: getrlimit(RLIMIT_NOFILE): 1048576:1048576
2021/06/25 19:39:16 [notice] 1#1: start worker processes
2021/06/25 19:39:16 [notice] 1#1: start worker process 22
2021/06/25 19:39:16 [notice] 1#1: start worker process 23
2021/06/25 19:39:18 [error] 22#22: *1 connect() failed (111: Connection refused) while connecting to upstream, client: 192.168.208.3, server: k8s-master.ml, request: "GET /grafana/api/live/ws HTTP/1.1", upstream: "http://192.168.208.12:3000/api/live/ws", host: "k8s-master.ml"
2021/06/25 19:53:15 [notice] 1#1: signal 3 (SIGQUIT) received, shutting down
2021/06/25 19:53:15 [notice] 23#23: gracefully shutting down
2021/06/25 19:53:15 [notice] 23#23: exiting
2021/06/25 19:53:15 [notice] 23#23: exit
2021/06/25 19:53:15 [notice] 22#22: gracefully shutting down
2021/06/25 19:53:15 [notice] 22#22: exiting
2021/06/25 19:53:15 [notice] 22#22: exit
2021/06/25 19:53:15 [notice] 1#1: signal 17 (SIGCHLD) received from 23
2021/06/25 19:53:15 [notice] 1#1: worker process 23 exited with code 0
2021/06/25 19:53:15 [notice] 1#1: signal 29 (SIGIO) received
2021/06/25 19:53:15 [notice] 1#1: signal 17 (SIGCHLD) received from 22
2021/06/25 19:53:15 [notice] 1#1: worker process 22 exited with code 0
2021/06/25 19:53:15 [notice] 1#1: exit
2021/06/25 19:53:34 [notice] 1#1: using the "epoll" event method
2021/06/25 19:53:34 [notice] 1#1: nginx/1.21.0
2021/06/25 19:53:34 [notice] 1#1: built by gcc 10.2.1 20201203 (Alpine 10.2.1_pre1) 
2021/06/25 19:53:34 [notice] 1#1: OS: Linux 4.18.0-305.3.1.el8.x86_64
2021/06/25 19:53:34 [notice] 1#1: getrlimit(RLIMIT_NOFILE): 1048576:1048576
2021/06/25 19:53:34 [notice] 1#1: start worker processes
2021/06/25 19:53:34 [notice] 1#1: start worker process 22
2021/06/25 19:53:34 [notice] 1#1: start worker process 23
2021/06/25 20:00:22 [notice] 1#1: signal 3 (SIGQUIT) received, shutting down
2021/06/25 20:00:22 [notice] 23#23: gracefully shutting down
2021/06/25 20:00:22 [notice] 23#23: exiting
2021/06/25 20:00:22 [notice] 23#23: exit
2021/06/25 20:00:22 [notice] 22#22: gracefully shutting down
2021/06/25 20:00:22 [notice] 22#22: exiting
2021/06/25 20:00:22 [notice] 22#22: exit
2021/06/25 20:00:22 [notice] 1#1: signal 17 (SIGCHLD) received from 23
2021/06/25 20:00:22 [notice] 1#1: worker process 23 exited with code 0
2021/06/25 20:00:22 [notice] 1#1: signal 29 (SIGIO) received
2021/06/25 20:00:22 [notice] 1#1: signal 17 (SIGCHLD) received from 22
2021/06/25 20:00:22 [notice] 1#1: worker process 22 exited with code 0
2021/06/25 20:00:22 [notice] 1#1: exit
2021/06/25 20:03:20 [notice] 1#1: using the "epoll" event method
2021/06/25 20:03:20 [notice] 1#1: nginx/1.21.0
2021/06/25 20:03:20 [notice] 1#1: built by gcc 10.2.1 20201203 (Alpine 10.2.1_pre1) 
2021/06/25 20:03:20 [notice] 1#1: OS: Linux 4.18.0-305.3.1.el8.x86_64
2021/06/25 20:03:20 [notice] 1#1: getrlimit(RLIMIT_NOFILE): 1048576:1048576
2021/06/25 20:03:20 [notice] 1#1: start worker processes
2021/06/25 20:03:20 [notice] 1#1: start worker process 22
2021/06/25 20:03:20 [notice] 1#1: start worker process 23
2021/06/25 20:05:08 [notice] 1#1: signal 3 (SIGQUIT) received, shutting down
2021/06/25 20:05:08 [notice] 22#22: gracefully shutting down
2021/06/25 20:05:08 [notice] 23#23: gracefully shutting down
2021/06/25 20:05:08 [notice] 22#22: exiting
2021/06/25 20:05:08 [notice] 23#23: exiting
2021/06/25 20:05:08 [notice] 22#22: exit
2021/06/25 20:05:08 [notice] 23#23: exit
2021/06/25 20:05:08 [notice] 1#1: signal 17 (SIGCHLD) received from 22
2021/06/25 20:05:08 [notice] 1#1: worker process 22 exited with code 0
2021/06/25 20:05:08 [notice] 1#1: signal 29 (SIGIO) received
2021/06/25 20:05:08 [notice] 1#1: signal 17 (SIGCHLD) received from 23
2021/06/25 20:05:08 [notice] 1#1: worker process 23 exited with code 0
2021/06/25 20:05:08 [notice] 1#1: exit
2021/06/25 20:05:27 [notice] 1#1: using the "epoll" event method
2021/06/25 20:05:27 [notice] 1#1: nginx/1.21.0
2021/06/25 20:05:27 [notice] 1#1: built by gcc 10.2.1 20201203 (Alpine 10.2.1_pre1) 
2021/06/25 20:05:27 [notice] 1#1: OS: Linux 4.18.0-305.3.1.el8.x86_64
2021/06/25 20:05:27 [notice] 1#1: getrlimit(RLIMIT_NOFILE): 1048576:1048576
2021/06/25 20:05:27 [notice] 1#1: start worker processes
2021/06/25 20:05:27 [notice] 1#1: start worker process 22
2021/06/25 20:05:27 [notice] 1#1: start worker process 23
2021/06/25 20:08:50 [warn] 22#22: *157 an upstream response is buffered to a temporary file /var/cache/nginx/proxy_temp/1/00/0000000001 while reading upstream, client: 172.19.0.6, server: k8s-master.ml, request: "GET /portainer/vendor.de66c036cb679d6e7e5c.js HTTP/1.1", upstream: "http://172.19.0.13:9000/vendor.de66c036cb679d6e7e5c.js", host: "k8s-master.ml", referrer: "https://k8s-master.ml/portainer/"
2021/06/25 20:08:50 [warn] 22#22: *150 an upstream response is buffered to a temporary file /var/cache/nginx/proxy_temp/2/00/0000000002 while reading upstream, client: 172.19.0.6, server: k8s-master.ml, request: "GET /portainer/main.de66c036cb679d6e7e5c.js HTTP/1.1", upstream: "http://172.19.0.13:9000/main.de66c036cb679d6e7e5c.js", host: "k8s-master.ml", referrer: "https://k8s-master.ml/portainer/"
2021/06/25 20:11:20 [notice] 1#1: signal 3 (SIGQUIT) received, shutting down
2021/06/25 20:11:20 [notice] 23#23: gracefully shutting down
2021/06/25 20:11:20 [notice] 22#22: gracefully shutting down
2021/06/25 20:11:20 [notice] 23#23: exiting
2021/06/25 20:11:20 [notice] 22#22: exiting
2021/06/25 20:11:20 [notice] 22#22: exit
2021/06/25 20:11:20 [notice] 23#23: exit
2021/06/25 20:11:20 [notice] 1#1: signal 17 (SIGCHLD) received from 22
2021/06/25 20:11:20 [notice] 1#1: worker process 22 exited with code 0
2021/06/25 20:11:20 [notice] 1#1: signal 29 (SIGIO) received
2021/06/25 20:11:20 [notice] 1#1: signal 17 (SIGCHLD) received from 23
2021/06/25 20:11:20 [notice] 1#1: worker process 23 exited with code 0
2021/06/25 20:11:20 [notice] 1#1: exit
2021/06/25 20:11:38 [notice] 1#1: using the "epoll" event method
2021/06/25 20:11:38 [notice] 1#1: nginx/1.21.0
2021/06/25 20:11:38 [notice] 1#1: built by gcc 10.2.1 20201203 (Alpine 10.2.1_pre1) 
2021/06/25 20:11:38 [notice] 1#1: OS: Linux 4.18.0-305.3.1.el8.x86_64
2021/06/25 20:11:38 [notice] 1#1: getrlimit(RLIMIT_NOFILE): 1048576:1048576
2021/06/25 20:11:38 [notice] 1#1: start worker processes
2021/06/25 20:11:38 [notice] 1#1: start worker process 22
2021/06/25 20:11:38 [notice] 1#1: start worker process 23
2021/06/25 20:23:51 [notice] 1#1: signal 3 (SIGQUIT) received, shutting down
2021/06/25 20:23:52 [notice] 22#22: gracefully shutting down
2021/06/25 20:23:52 [notice] 22#22: exiting
2021/06/25 20:23:52 [notice] 22#22: exit
2021/06/25 20:23:52 [notice] 23#23: gracefully shutting down
2021/06/25 20:23:52 [notice] 23#23: exiting
2021/06/25 20:23:52 [notice] 23#23: exit
2021/06/25 20:23:53 [notice] 1#1: signal 17 (SIGCHLD) received from 23
2021/06/25 20:23:53 [notice] 1#1: worker process 22 exited with code 0
2021/06/25 20:23:53 [notice] 1#1: worker process 23 exited with code 0
2021/06/25 20:23:53 [notice] 1#1: exit
2021/06/25 20:24:14 [notice] 1#1: using the "epoll" event method
2021/06/25 20:24:14 [notice] 1#1: nginx/1.21.0
2021/06/25 20:24:14 [notice] 1#1: built by gcc 10.2.1 20201203 (Alpine 10.2.1_pre1) 
2021/06/25 20:24:14 [notice] 1#1: OS: Linux 4.18.0-305.3.1.el8.x86_64
2021/06/25 20:24:14 [notice] 1#1: getrlimit(RLIMIT_NOFILE): 1048576:1048576
2021/06/25 20:24:14 [notice] 1#1: start worker processes
2021/06/25 20:24:14 [notice] 1#1: start worker process 22
2021/06/25 20:24:14 [notice] 1#1: start worker process 23
2021/06/26 08:04:07 [notice] 1#1: using the "epoll" event method
2021/06/26 08:04:07 [notice] 1#1: nginx/1.21.0
2021/06/26 08:04:07 [notice] 1#1: built by gcc 10.2.1 20201203 (Alpine 10.2.1_pre1) 
2021/06/26 08:04:07 [notice] 1#1: OS: Linux 4.18.0-305.3.1.el8.x86_64
2021/06/26 08:04:07 [notice] 1#1: getrlimit(RLIMIT_NOFILE): 1048576:1048576
2021/06/26 08:04:07 [notice] 1#1: start worker processes
2021/06/26 08:04:07 [notice] 1#1: start worker process 22
2021/06/26 08:04:07 [notice] 1#1: start worker process 23
2021/06/26 08:15:11 [notice] 1#1: signal 3 (SIGQUIT) received, shutting down
2021/06/26 08:15:12 [notice] 23#23: gracefully shutting down
2021/06/26 08:15:12 [notice] 22#22: gracefully shutting down
2021/06/26 08:15:12 [notice] 23#23: exiting
2021/06/26 08:15:12 [notice] 22#22: exiting
2021/06/26 08:15:12 [notice] 22#22: exit
2021/06/26 08:15:12 [notice] 23#23: exit
2021/06/26 08:15:13 [notice] 1#1: signal 17 (SIGCHLD) received from 22
2021/06/26 08:15:13 [notice] 1#1: worker process 22 exited with code 0
2021/06/26 08:15:13 [notice] 1#1: signal 29 (SIGIO) received
2021/06/26 08:15:13 [notice] 1#1: signal 17 (SIGCHLD) received from 23
2021/06/26 08:15:13 [notice] 1#1: worker process 23 exited with code 0
2021/06/26 08:15:13 [notice] 1#1: exit
2021/06/26 08:15:55 [notice] 1#1: using the "epoll" event method
2021/06/26 08:15:55 [notice] 1#1: nginx/1.21.0
2021/06/26 08:15:55 [notice] 1#1: built by gcc 10.2.1 20201203 (Alpine 10.2.1_pre1) 
2021/06/26 08:15:55 [notice] 1#1: OS: Linux 4.18.0-305.3.1.el8.x86_64
2021/06/26 08:15:55 [notice] 1#1: getrlimit(RLIMIT_NOFILE): 1048576:1048576
2021/06/26 08:15:55 [notice] 1#1: start worker processes
2021/06/26 08:15:55 [notice] 1#1: start worker process 22
2021/06/26 08:15:55 [notice] 1#1: start worker process 23
2021/06/26 08:16:42 [notice] 1#1: signal 3 (SIGQUIT) received, shutting down
2021/06/26 08:16:42 [notice] 22#22: gracefully shutting down
2021/06/26 08:16:42 [notice] 23#23: gracefully shutting down
2021/06/26 08:16:42 [notice] 22#22: exiting
2021/06/26 08:16:42 [notice] 23#23: exiting
2021/06/26 08:16:42 [notice] 22#22: exit
2021/06/26 08:16:42 [notice] 23#23: exit
2021/06/26 08:16:42 [notice] 1#1: signal 17 (SIGCHLD) received from 22
2021/06/26 08:16:42 [notice] 1#1: worker process 22 exited with code 0
2021/06/26 08:16:42 [notice] 1#1: worker process 23 exited with code 0
2021/06/26 08:16:42 [notice] 1#1: exit
2021/06/26 08:18:08 [notice] 1#1: using the "epoll" event method
2021/06/26 08:18:08 [notice] 1#1: nginx/1.21.0
2021/06/26 08:18:08 [notice] 1#1: built by gcc 10.2.1 20201203 (Alpine 10.2.1_pre1) 
2021/06/26 08:18:08 [notice] 1#1: OS: Linux 4.18.0-305.3.1.el8.x86_64
2021/06/26 08:18:08 [notice] 1#1: getrlimit(RLIMIT_NOFILE): 1048576:1048576
2021/06/26 08:18:08 [notice] 1#1: start worker processes
2021/06/26 08:18:08 [notice] 1#1: start worker process 22
2021/06/26 08:18:08 [notice] 1#1: start worker process 23
2021/06/26 09:58:36 [error] 22#22: *1464 open() "/usr/share/nginx/html/GponForm/diag_Form" failed (2: No such file or directory), client: 172.21.0.6, server: k8s-master.ml, request: "POST /GponForm/diag_Form?style/ HTTP/1.1", host: "192.168.0.1:443"
<<<<<<< Updated upstream
<<<<<<< Updated upstream
<<<<<<< Updated upstream
2021/06/26 10:46:28 [notice] 1#1: using the "epoll" event method
2021/06/26 10:46:28 [notice] 1#1: nginx/1.21.0
2021/06/26 10:46:28 [notice] 1#1: built by gcc 10.2.1 20201203 (Alpine 10.2.1_pre1) 
2021/06/26 10:46:28 [notice] 1#1: OS: Linux 4.18.0-305.3.1.el8.x86_64
2021/06/26 10:46:28 [notice] 1#1: getrlimit(RLIMIT_NOFILE): 1048576:1048576
2021/06/26 10:46:28 [notice] 1#1: start worker processes
2021/06/26 10:46:28 [notice] 1#1: start worker process 22
2021/06/26 10:46:28 [notice] 1#1: start worker process 23
2021/06/26 10:48:46 [error] 22#22: *19 open() "/usr/share/nginx/html/.env" failed (2: No such file or directory), client: 172.18.0.10, server: k8s-master.ml, request: "GET /.env HTTP/1.1", host: "34.80.176.253"
=======
=======
>>>>>>> Stashed changes
=======
>>>>>>> Stashed changes
2021/06/26 10:30:39 [notice] 1#1: signal 3 (SIGQUIT) received, shutting down
2021/06/26 10:30:40 [notice] 22#22: gracefully shutting down
2021/06/26 10:30:40 [notice] 23#23: gracefully shutting down
2021/06/26 10:30:40 [notice] 22#22: exiting
2021/06/26 10:30:40 [notice] 23#23: exiting
2021/06/26 10:30:40 [notice] 22#22: exit
2021/06/26 10:30:40 [notice] 23#23: exit
2021/06/26 10:30:40 [notice] 1#1: signal 17 (SIGCHLD) received from 23
2021/06/26 10:30:40 [notice] 1#1: worker process 23 exited with code 0
2021/06/26 10:30:40 [notice] 1#1: signal 29 (SIGIO) received
2021/06/26 10:30:40 [notice] 1#1: signal 17 (SIGCHLD) received from 22
2021/06/26 10:30:40 [notice] 1#1: worker process 22 exited with code 0
2021/06/26 10:30:40 [notice] 1#1: exit
<<<<<<< Updated upstream
<<<<<<< Updated upstream
>>>>>>> Stashed changes
=======
>>>>>>> Stashed changes
=======
>>>>>>> Stashed changes
2021/06/26 15:13:34 [notice] 1#1: using the "epoll" event method
2021/06/26 15:13:34 [notice] 1#1: nginx/1.21.0
2021/06/26 15:13:34 [notice] 1#1: built by gcc 10.2.1 20201203 (Alpine 10.2.1_pre1) 
2021/06/26 15:13:34 [notice] 1#1: OS: Linux 4.18.0-305.3.1.el8.x86_64
2021/06/26 15:13:34 [notice] 1#1: getrlimit(RLIMIT_NOFILE): 1048576:1048576
2021/06/26 15:13:34 [notice] 1#1: start worker processes
2021/06/26 15:13:34 [notice] 1#1: start worker process 22
2021/06/26 15:13:34 [notice] 1#1: start worker process 23
2021/06/26 17:07:27 [error] 23#23: *318 open() "/usr/share/nginx/html/owa/auth/logon.aspx" failed (2: No such file or directory), client: 172.19.0.4, server: k8s-master.ml, request: "GET /owa/auth/logon.aspx?url=https%3a%2f%2f1%2fecp%2f HTTP/1.1", host: "34.80.176.253"
2021/06/26 20:00:15 [error] 23#23: *485 "/usr/share/nginx/html/owa/index.html" is not found (2: No such file or directory), client: 172.19.0.4, server: k8s-master.ml, request: "GET /owa/ HTTP/1.1", host: "34.80.176.253"
2021/06/26 21:12:30 [notice] 1#1: signal 3 (SIGQUIT) received, shutting down
2021/06/26 21:12:30 [notice] 23#23: gracefully shutting down
2021/06/26 21:12:30 [notice] 22#22: gracefully shutting down
2021/06/26 21:12:30 [notice] 23#23: exiting
2021/06/26 21:12:30 [notice] 22#22: exiting
2021/06/26 21:12:30 [notice] 23#23: exit
2021/06/26 21:12:30 [notice] 22#22: exit
2021/06/26 21:12:31 [notice] 1#1: signal 17 (SIGCHLD) received from 22
2021/06/26 21:12:31 [notice] 1#1: worker process 22 exited with code 0
2021/06/26 21:12:31 [notice] 1#1: signal 29 (SIGIO) received
2021/06/26 21:12:31 [notice] 1#1: signal 17 (SIGCHLD) received from 23
2021/06/26 21:12:31 [notice] 1#1: worker process 23 exited with code 0
2021/06/26 21:12:31 [notice] 1#1: exit
2021/06/26 21:21:17 [notice] 1#1: using the "epoll" event method
2021/06/26 21:21:17 [notice] 1#1: nginx/1.21.0
2021/06/26 21:21:17 [notice] 1#1: built by gcc 10.2.1 20201203 (Alpine 10.2.1_pre1) 
2021/06/26 21:21:17 [notice] 1#1: OS: Linux 4.18.0-305.3.1.el8.x86_64
2021/06/26 21:21:17 [notice] 1#1: getrlimit(RLIMIT_NOFILE): 1048576:1048576
2021/06/26 21:21:17 [notice] 1#1: start worker processes
2021/06/26 21:21:17 [notice] 1#1: start worker process 22
2021/06/26 21:21:17 [notice] 1#1: start worker process 23
2021/06/26 21:28:42 [notice] 1#1: signal 3 (SIGQUIT) received, shutting down
2021/06/26 21:28:42 [notice] 23#23: gracefully shutting down
2021/06/26 21:28:42 [notice] 23#23: exiting
2021/06/26 21:28:42 [notice] 23#23: exit
2021/06/26 21:28:42 [notice] 22#22: gracefully shutting down
2021/06/26 21:28:42 [notice] 22#22: exiting
2021/06/26 21:28:42 [notice] 22#22: exit
2021/06/26 21:28:42 [notice] 1#1: signal 17 (SIGCHLD) received from 23
2021/06/26 21:28:42 [notice] 1#1: worker process 22 exited with code 0
2021/06/26 21:28:42 [notice] 1#1: worker process 23 exited with code 0
2021/06/26 21:28:42 [notice] 1#1: exit
2021/06/26 21:29:19 [notice] 1#1: using the "epoll" event method
2021/06/26 21:29:19 [notice] 1#1: nginx/1.21.0
2021/06/26 21:29:19 [notice] 1#1: built by gcc 10.2.1 20201203 (Alpine 10.2.1_pre1) 
2021/06/26 21:29:19 [notice] 1#1: OS: Linux 4.18.0-305.3.1.el8.x86_64
2021/06/26 21:29:19 [notice] 1#1: getrlimit(RLIMIT_NOFILE): 1048576:1048576
2021/06/26 21:29:19 [notice] 1#1: start worker processes
2021/06/26 21:29:19 [notice] 1#1: start worker process 22
2021/06/26 21:29:19 [notice] 1#1: start worker process 23
2021/06/26 21:31:18 [notice] 1#1: signal 3 (SIGQUIT) received, shutting down
2021/06/26 21:31:18 [notice] 22#22: gracefully shutting down
2021/06/26 21:31:18 [notice] 22#22: exiting
2021/06/26 21:31:18 [notice] 22#22: exit
2021/06/26 21:31:18 [notice] 23#23: gracefully shutting down
2021/06/26 21:31:18 [notice] 23#23: exiting
2021/06/26 21:31:18 [notice] 23#23: exit
2021/06/26 21:31:18 [notice] 1#1: signal 17 (SIGCHLD) received from 22
2021/06/26 21:31:18 [notice] 1#1: worker process 22 exited with code 0
2021/06/26 21:31:18 [notice] 1#1: signal 29 (SIGIO) received
2021/06/26 21:31:18 [notice] 1#1: signal 17 (SIGCHLD) received from 23
2021/06/26 21:31:18 [notice] 1#1: worker process 23 exited with code 0
2021/06/26 21:31:18 [notice] 1#1: exit
2021/06/27 09:00:24 [notice] 1#1: using the "epoll" event method
2021/06/27 09:00:24 [notice] 1#1: nginx/1.21.0
2021/06/27 09:00:24 [notice] 1#1: built by gcc 10.2.1 20201203 (Alpine 10.2.1_pre1) 
2021/06/27 09:00:24 [notice] 1#1: OS: Linux 4.18.0-305.3.1.el8.x86_64
2021/06/27 09:00:24 [notice] 1#1: getrlimit(RLIMIT_NOFILE): 1048576:1048576
2021/06/27 09:00:24 [notice] 1#1: start worker processes
2021/06/27 09:00:24 [notice] 1#1: start worker process 22
2021/06/27 09:00:24 [notice] 1#1: start worker process 23
2021/06/27 09:13:36 [error] 22#22: *8 open() "/usr/share/nginx/html/assets/img/apple-icon.png" failed (2: No such file or directory), client: 172.22.0.4, server: k8s-master.ml, request: "GET /assets/img/apple-icon.png HTTP/1.1", host: "k8s-master.ml"
2021/06/27 09:57:56 [notice] 1#1: signal 3 (SIGQUIT) received, shutting down
2021/06/27 09:57:56 [notice] 23#23: gracefully shutting down
2021/06/27 09:57:56 [notice] 23#23: exiting
2021/06/27 09:57:56 [notice] 22#22: gracefully shutting down
2021/06/27 09:57:56 [notice] 22#22: exiting
2021/06/27 09:57:56 [notice] 23#23: exit
2021/06/27 09:57:56 [notice] 22#22: exit
2021/06/27 09:57:57 [notice] 1#1: signal 17 (SIGCHLD) received from 23
2021/06/27 09:57:57 [notice] 1#1: worker process 23 exited with code 0
2021/06/27 09:57:57 [notice] 1#1: signal 17 (SIGCHLD) received from 22
2021/06/27 09:57:57 [notice] 1#1: worker process 22 exited with code 0
2021/06/27 09:57:57 [notice] 1#1: exit
2021/06/27 09:58:36 [notice] 1#1: using the "epoll" event method
2021/06/27 09:58:36 [notice] 1#1: nginx/1.21.0
2021/06/27 09:58:36 [notice] 1#1: built by gcc 10.2.1 20201203 (Alpine 10.2.1_pre1) 
2021/06/27 09:58:36 [notice] 1#1: OS: Linux 4.18.0-305.3.1.el8.x86_64
2021/06/27 09:58:36 [notice] 1#1: getrlimit(RLIMIT_NOFILE): 1048576:1048576
2021/06/27 09:58:36 [notice] 1#1: start worker processes
2021/06/27 09:58:36 [notice] 1#1: start worker process 22
2021/06/27 09:58:36 [notice] 1#1: start worker process 23
2021/06/27 10:12:12 [notice] 1#1: signal 3 (SIGQUIT) received, shutting down
2021/06/27 10:12:12 [notice] 23#23: gracefully shutting down
2021/06/27 10:12:12 [notice] 22#22: gracefully shutting down
2021/06/27 10:12:12 [notice] 23#23: exiting
2021/06/27 10:12:12 [notice] 23#23: exit
2021/06/27 10:12:12 [notice] 22#22: exiting
2021/06/27 10:12:12 [notice] 22#22: exit
2021/06/27 10:12:13 [notice] 1#1: signal 17 (SIGCHLD) received from 23
2021/06/27 10:12:13 [notice] 1#1: worker process 23 exited with code 0
2021/06/27 10:12:13 [notice] 1#1: signal 29 (SIGIO) received
2021/06/27 10:12:13 [notice] 1#1: signal 17 (SIGCHLD) received from 22
2021/06/27 10:12:13 [notice] 1#1: worker process 22 exited with code 0
2021/06/27 10:12:13 [notice] 1#1: exit
2021/06/27 20:49:22 [emerg] 1#1: host not found in upstream "gitea" in /etc/nginx/conf.d/k8s-master.ml.conf:32
2021/06/27 20:49:24 [notice] 1#1: using the "epoll" event method
2021/06/27 20:49:24 [notice] 1#1: nginx/1.21.0
2021/06/27 20:49:24 [notice] 1#1: built by gcc 10.2.1 20201203 (Alpine 10.2.1_pre1) 
2021/06/27 20:49:24 [notice] 1#1: OS: Linux 4.18.0-305.3.1.el8.x86_64
2021/06/27 20:49:24 [notice] 1#1: getrlimit(RLIMIT_NOFILE): 1048576:1048576
2021/06/27 20:49:24 [notice] 1#1: start worker processes
2021/06/27 20:49:24 [notice] 1#1: start worker process 22
2021/06/27 20:49:24 [notice] 1#1: start worker process 23
2021/06/27 20:52:20 [warn] 22#22: *8 an upstream response is buffered to a temporary file /var/cache/nginx/proxy_temp/1/00/0000000001 while reading upstream, client: 172.18.0.6, server: k8s-master.ml, request: "GET /portainer/vendor.2869a84f844a9f465e0e.js HTTP/1.1", upstream: "http://172.18.0.10:9000/vendor.2869a84f844a9f465e0e.js", host: "k8s-master.ml", referrer: "https://k8s-master.ml/portainer/"
2021/06/27 20:52:20 [warn] 23#23: *10 an upstream response is buffered to a temporary file /var/cache/nginx/proxy_temp/2/00/0000000002 while reading upstream, client: 172.18.0.6, server: k8s-master.ml, request: "GET /portainer/main.2869a84f844a9f465e0e.js HTTP/1.1", upstream: "http://172.18.0.10:9000/main.2869a84f844a9f465e0e.js", host: "k8s-master.ml", referrer: "https://k8s-master.ml/portainer/"
2021/06/27 22:51:07 [error] 22#22: *78 open() "/usr/share/nginx/html/assets/img/apple-icon.png" failed (2: No such file or directory), client: 172.18.0.6, server: k8s-master.ml, request: "GET /assets/img/apple-icon.png HTTP/1.1", host: "k8s-master.ml"
2021/06/27 23:08:35 [error] 22#22: *81 "/usr/share/nginx/html/owa/index.html" is not found (2: No such file or directory), client: 172.18.0.6, server: k8s-master.ml, request: "GET /owa/ HTTP/1.1", host: "35.185.153.36"
2021/06/28 01:40:40 [error] 22#22: *95 "/usr/share/nginx/html/HNAP1/index.html" is not found (2: No such file or directory), client: 172.18.0.6, server: k8s-master.ml, request: "GET /HNAP1/ HTTP/1.1", host: "k8s-master.ml", referrer: "http://k8s-master.ml/"
2021/06/28 01:40:40 [error] 22#22: *96 open() "/usr/share/nginx/html/hudson/script" failed (2: No such file or directory), client: 172.18.0.6, server: k8s-master.ml, request: "GET /hudson/script HTTP/1.1", host: "k8s-master.ml", referrer: "http://k8s-master.ml/"
2021/06/28 01:40:41 [error] 22#22: *97 open() "/usr/share/nginx/html/script" failed (2: No such file or directory), client: 172.18.0.6, server: k8s-master.ml, request: "GET /script HTTP/1.1", host: "k8s-master.ml", referrer: "http://k8s-master.ml/"
2021/06/28 01:40:42 [error] 22#22: *98 open() "/usr/share/nginx/html/sqlite/main.php" failed (2: No such file or directory), client: 172.18.0.6, server: k8s-master.ml, request: "GET /sqlite/main.php HTTP/1.1", host: "k8s-master.ml", referrer: "http://k8s-master.ml/"
2021/06/28 01:40:43 [error] 22#22: *99 open() "/usr/share/nginx/html/sqlitemanager/main.php" failed (2: No such file or directory), client: 172.18.0.6, server: k8s-master.ml, request: "GET /sqlitemanager/main.php HTTP/1.1", host: "k8s-master.ml", referrer: "http://k8s-master.ml/"
2021/06/28 01:40:44 [error] 22#22: *100 open() "/usr/share/nginx/html/SQLiteManager/main.php" failed (2: No such file or directory), client: 172.18.0.6, server: k8s-master.ml, request: "GET /SQLiteManager/main.php HTTP/1.1", host: "k8s-master.ml", referrer: "http://k8s-master.ml/"
2021/06/28 01:40:44 [error] 22#22: *101 open() "/usr/share/nginx/html/SQLite/main.php" failed (2: No such file or directory), client: 172.18.0.6, server: k8s-master.ml, request: "GET /SQLite/main.php HTTP/1.1", host: "k8s-master.ml", referrer: "http://k8s-master.ml/"
2021/06/28 01:40:45 [error] 22#22: *102 open() "/usr/share/nginx/html/SQlite/main.php" failed (2: No such file or directory), client: 172.18.0.6, server: k8s-master.ml, request: "GET /SQlite/main.php HTTP/1.1", host: "k8s-master.ml", referrer: "http://k8s-master.ml/"
2021/06/28 01:40:46 [error] 22#22: *103 open() "/usr/share/nginx/html/main.php" failed (2: No such file or directory), client: 172.18.0.6, server: k8s-master.ml, request: "GET /main.php HTTP/1.1", host: "k8s-master.ml", referrer: "http://k8s-master.ml/"
2021/06/28 01:40:47 [error] 22#22: *104 open() "/usr/share/nginx/html/test/sqlite/SQLiteManager-1.2.0/SQLiteManager-1.2.0/main.php" failed (2: No such file or directory), client: 172.18.0.6, server: k8s-master.ml, request: "GET /test/sqlite/SQLiteManager-1.2.0/SQLiteManager-1.2.0/main.php HTTP/1.1", host: "k8s-master.ml", referrer: "http://k8s-master.ml/"
2021/06/28 01:40:47 [error] 22#22: *105 open() "/usr/share/nginx/html/SQLiteManager-1.2.4/main.php" failed (2: No such file or directory), client: 172.18.0.6, server: k8s-master.ml, request: "GET /SQLiteManager-1.2.4/main.php HTTP/1.1", host: "k8s-master.ml", referrer: "http://k8s-master.ml/"
2021/06/28 01:40:48 [error] 22#22: *106 open() "/usr/share/nginx/html/agSearch/SQlite/main.php" failed (2: No such file or directory), client: 172.18.0.6, server: k8s-master.ml, request: "GET /agSearch/SQlite/main.php HTTP/1.1", host: "k8s-master.ml", referrer: "http://k8s-master.ml/"
2021/06/28 01:40:49 [error] 22#22: *107 "/usr/share/nginx/html/phpmyadmin/index.html" is not found (2: No such file or directory), client: 172.18.0.6, server: k8s-master.ml, request: "GET /phpmyadmin/ HTTP/1.1", host: "k8s-master.ml", referrer: "http://k8s-master.ml/"
2021/06/28 01:40:50 [error] 22#22: *108 "/usr/share/nginx/html/phpMyAdmin/index.html" is not found (2: No such file or directory), client: 172.18.0.6, server: k8s-master.ml, request: "GET /phpMyAdmin/ HTTP/1.1", host: "k8s-master.ml", referrer: "http://k8s-master.ml/"
2021/06/28 01:40:50 [error] 22#22: *109 "/usr/share/nginx/html/PMA/index.html" is not found (2: No such file or directory), client: 172.18.0.6, server: k8s-master.ml, request: "GET /PMA/ HTTP/1.1", host: "k8s-master.ml", referrer: "http://k8s-master.ml/"
2021/06/28 01:40:51 [error] 22#22: *110 "/usr/share/nginx/html/pma/index.html" is not found (2: No such file or directory), client: 172.18.0.6, server: k8s-master.ml, request: "GET /pma/ HTTP/1.1", host: "k8s-master.ml", referrer: "http://k8s-master.ml/"
2021/06/28 01:40:52 [error] 22#22: *111 "/usr/share/nginx/html/admin/index.html" is not found (2: No such file or directory), client: 172.18.0.6, server: k8s-master.ml, request: "GET /admin/ HTTP/1.1", host: "k8s-master.ml", referrer: "http://k8s-master.ml/"
2021/06/28 01:40:53 [error] 22#22: *112 "/usr/share/nginx/html/dbadmin/index.html" is not found (2: No such file or directory), client: 172.18.0.6, server: k8s-master.ml, request: "GET /dbadmin/ HTTP/1.1", host: "k8s-master.ml", referrer: "http://k8s-master.ml/"
2021/06/28 01:40:54 [error] 22#22: *113 "/usr/share/nginx/html/mysql/index.html" is not found (2: No such file or directory), client: 172.18.0.6, server: k8s-master.ml, request: "GET /mysql/ HTTP/1.1", host: "k8s-master.ml", referrer: "http://k8s-master.ml/"
2021/06/28 01:40:54 [error] 22#22: *114 "/usr/share/nginx/html/myadmin/index.html" is not found (2: No such file or directory), client: 172.18.0.6, server: k8s-master.ml, request: "GET /myadmin/ HTTP/1.1", host: "k8s-master.ml", referrer: "http://k8s-master.ml/"
2021/06/28 01:40:55 [error] 22#22: *115 "/usr/share/nginx/html/openserver/phpmyadmin/index.html" is not found (2: No such file or directory), client: 172.18.0.6, server: k8s-master.ml, request: "GET /openserver/phpmyadmin/ HTTP/1.1", host: "k8s-master.ml", referrer: "http://k8s-master.ml/"
2021/06/28 01:40:56 [error] 22#22: *116 "/usr/share/nginx/html/phpmyadmin2/index.html" is not found (2: No such file or directory), client: 172.18.0.6, server: k8s-master.ml, request: "GET /phpmyadmin2/ HTTP/1.1", host: "k8s-master.ml", referrer: "http://k8s-master.ml/"
2021/06/28 01:40:57 [error] 22#22: *117 "/usr/share/nginx/html/phpMyAdmin2/index.html" is not found (2: No such file or directory), client: 172.18.0.6, server: k8s-master.ml, request: "GET /phpMyAdmin2/ HTTP/1.1", host: "k8s-master.ml", referrer: "http://k8s-master.ml/"
2021/06/28 01:40:57 [error] 22#22: *118 "/usr/share/nginx/html/phpMyAdmin-2/index.html" is not found (2: No such file or directory), client: 172.18.0.6, server: k8s-master.ml, request: "GET /phpMyAdmin-2/ HTTP/1.1", host: "k8s-master.ml", referrer: "http://k8s-master.ml/"
2021/06/28 01:40:58 [error] 22#22: *119 "/usr/share/nginx/html/php-my-admin/index.html" is not found (2: No such file or directory), client: 172.18.0.6, server: k8s-master.ml, request: "GET /php-my-admin/ HTTP/1.1", host: "k8s-master.ml", referrer: "http://k8s-master.ml/"
2021/06/28 01:40:59 [error] 22#22: *120 "/usr/share/nginx/html/phpMyAdmin-2.2.3/index.html" is not found (2: No such file or directory), client: 172.18.0.6, server: k8s-master.ml, request: "GET /phpMyAdmin-2.2.3/ HTTP/1.1", host: "k8s-master.ml", referrer: "http://k8s-master.ml/"
2021/06/28 01:41:00 [error] 22#22: *121 "/usr/share/nginx/html/phpMyAdmin-2.2.6/index.html" is not found (2: No such file or directory), client: 172.18.0.6, server: k8s-master.ml, request: "GET /phpMyAdmin-2.2.6/ HTTP/1.1", host: "k8s-master.ml", referrer: "http://k8s-master.ml/"
2021/06/28 01:41:01 [error] 22#22: *122 "/usr/share/nginx/html/phpMyAdmin-2.5.1/index.html" is not found (2: No such file or directory), client: 172.18.0.6, server: k8s-master.ml, request: "GET /phpMyAdmin-2.5.1/ HTTP/1.1", host: "k8s-master.ml", referrer: "http://k8s-master.ml/"
2021/06/28 01:41:01 [error] 22#22: *123 "/usr/share/nginx/html/phpMyAdmin-2.5.4/index.html" is not found (2: No such file or directory), client: 172.18.0.6, server: k8s-master.ml, request: "GET /phpMyAdmin-2.5.4/ HTTP/1.1", host: "k8s-master.ml", referrer: "http://k8s-master.ml/"
2021/06/28 01:41:02 [error] 22#22: *124 "/usr/share/nginx/html/phpMyAdmin-2.5.5-rc1/index.html" is not found (2: No such file or directory), client: 172.18.0.6, server: k8s-master.ml, request: "GET /phpMyAdmin-2.5.5-rc1/ HTTP/1.1", host: "k8s-master.ml", referrer: "http://k8s-master.ml/"
2021/06/28 01:41:03 [error] 22#22: *125 "/usr/share/nginx/html/phpMyAdmin-2.5.5-rc2/index.html" is not found (2: No such file or directory), client: 172.18.0.6, server: k8s-master.ml, request: "GET /phpMyAdmin-2.5.5-rc2/ HTTP/1.1", host: "k8s-master.ml", referrer: "http://k8s-master.ml/"
2021/06/28 01:41:04 [error] 22#22: *126 "/usr/share/nginx/html/phpMyAdmin-2.5.5/index.html" is not found (2: No such file or directory), client: 172.18.0.6, server: k8s-master.ml, request: "GET /phpMyAdmin-2.5.5/ HTTP/1.1", host: "k8s-master.ml", referrer: "http://k8s-master.ml/"
2021/06/28 01:41:04 [error] 22#22: *128 "/usr/share/nginx/html/phpMyAdmin-2.5.5-pl1/index.html" is not found (2: No such file or directory), client: 172.18.0.6, server: k8s-master.ml, request: "GET /phpMyAdmin-2.5.5-pl1/ HTTP/1.1", host: "k8s-master.ml", referrer: "http://k8s-master.ml/"
2021/06/28 01:41:05 [error] 22#22: *130 "/usr/share/nginx/html/phpMyAdmin-2.5.6-rc1/index.html" is not found (2: No such file or directory), client: 172.18.0.6, server: k8s-master.ml, request: "GET /phpMyAdmin-2.5.6-rc1/ HTTP/1.1", host: "k8s-master.ml", referrer: "http://k8s-master.ml/"
2021/06/28 01:41:06 [error] 22#22: *131 "/usr/share/nginx/html/phpMyAdmin-2.5.6-rc2/index.html" is not found (2: No such file or directory), client: 172.18.0.6, server: k8s-master.ml, request: "GET /phpMyAdmin-2.5.6-rc2/ HTTP/1.1", host: "k8s-master.ml", referrer: "http://k8s-master.ml/"
2021/06/28 01:41:07 [error] 22#22: *132 "/usr/share/nginx/html/phpMyAdmin-2.5.6/index.html" is not found (2: No such file or directory), client: 172.18.0.6, server: k8s-master.ml, request: "GET /phpMyAdmin-2.5.6/ HTTP/1.1", host: "k8s-master.ml", referrer: "http://k8s-master.ml/"
2021/06/28 01:41:07 [error] 22#22: *133 "/usr/share/nginx/html/phpMyAdmin-2.5.7/index.html" is not found (2: No such file or directory), client: 172.18.0.6, server: k8s-master.ml, request: "GET /phpMyAdmin-2.5.7/ HTTP/1.1", host: "k8s-master.ml", referrer: "http://k8s-master.ml/"
2021/06/28 01:41:08 [error] 22#22: *134 "/usr/share/nginx/html/phpMyAdmin-2.5.7-pl1/index.html" is not found (2: No such file or directory), client: 172.18.0.6, server: k8s-master.ml, request: "GET /phpMyAdmin-2.5.7-pl1/ HTTP/1.1", host: "k8s-master.ml", referrer: "http://k8s-master.ml/"
2021/06/28 01:41:09 [error] 22#22: *135 "/usr/share/nginx/html/phpMyAdmin-2.6.0-alpha/index.html" is not found (2: No such file or directory), client: 172.18.0.6, server: k8s-master.ml, request: "GET /phpMyAdmin-2.6.0-alpha/ HTTP/1.1", host: "k8s-master.ml", referrer: "http://k8s-master.ml/"
2021/06/28 01:41:10 [error] 22#22: *136 "/usr/share/nginx/html/phpMyAdmin-2.6.0-alpha2/index.html" is not found (2: No such file or directory), client: 172.18.0.6, server: k8s-master.ml, request: "GET /phpMyAdmin-2.6.0-alpha2/ HTTP/1.1", host: "k8s-master.ml", referrer: "http://k8s-master.ml/"
2021/06/28 01:41:11 [error] 22#22: *137 "/usr/share/nginx/html/phpMyAdmin-2.6.0-beta1/index.html" is not found (2: No such file or directory), client: 172.18.0.6, server: k8s-master.ml, request: "GET /phpMyAdmin-2.6.0-beta1/ HTTP/1.1", host: "k8s-master.ml", referrer: "http://k8s-master.ml/"
2021/06/28 01:41:11 [error] 22#22: *138 "/usr/share/nginx/html/phpMyAdmin-2.6.0-beta2/index.html" is not found (2: No such file or directory), client: 172.18.0.6, server: k8s-master.ml, request: "GET /phpMyAdmin-2.6.0-beta2/ HTTP/1.1", host: "k8s-master.ml", referrer: "http://k8s-master.ml/"
2021/06/28 01:41:12 [error] 22#22: *139 "/usr/share/nginx/html/phpMyAdmin-2.6.0-rc1/index.html" is not found (2: No such file or directory), client: 172.18.0.6, server: k8s-master.ml, request: "GET /phpMyAdmin-2.6.0-rc1/ HTTP/1.1", host: "k8s-master.ml", referrer: "http://k8s-master.ml/"
2021/06/28 01:41:13 [error] 22#22: *140 "/usr/share/nginx/html/phpMyAdmin-2.6.0-rc2/index.html" is not found (2: No such file or directory), client: 172.18.0.6, server: k8s-master.ml, request: "GET /phpMyAdmin-2.6.0-rc2/ HTTP/1.1", host: "k8s-master.ml", referrer: "http://k8s-master.ml/"
2021/06/28 01:41:14 [error] 22#22: *141 "/usr/share/nginx/html/phpMyAdmin-2.6.0-rc3/index.html" is not found (2: No such file or directory), client: 172.18.0.6, server: k8s-master.ml, request: "GET /phpMyAdmin-2.6.0-rc3/ HTTP/1.1", host: "k8s-master.ml", referrer: "http://k8s-master.ml/"
2021/06/28 01:41:14 [error] 22#22: *142 "/usr/share/nginx/html/phpMyAdmin-2.6.0/index.html" is not found (2: No such file or directory), client: 172.18.0.6, server: k8s-master.ml, request: "GET /phpMyAdmin-2.6.0/ HTTP/1.1", host: "k8s-master.ml", referrer: "http://k8s-master.ml/"
2021/06/28 01:41:15 [error] 22#22: *143 "/usr/share/nginx/html/phpMyAdmin-2.6.0-pl1/index.html" is not found (2: No such file or directory), client: 172.18.0.6, server: k8s-master.ml, request: "GET /phpMyAdmin-2.6.0-pl1/ HTTP/1.1", host: "k8s-master.ml", referrer: "http://k8s-master.ml/"
2021/06/28 01:41:16 [error] 22#22: *144 "/usr/share/nginx/html/phpMyAdmin-2.6.0-pl2/index.html" is not found (2: No such file or directory), client: 172.18.0.6, server: k8s-master.ml, request: "GET /phpMyAdmin-2.6.0-pl2/ HTTP/1.1", host: "k8s-master.ml", referrer: "http://k8s-master.ml/"
2021/06/28 01:41:17 [error] 22#22: *145 "/usr/share/nginx/html/phpMyAdmin-2.6.0-pl3/index.html" is not found (2: No such file or directory), client: 172.18.0.6, server: k8s-master.ml, request: "GET /phpMyAdmin-2.6.0-pl3/ HTTP/1.1", host: "k8s-master.ml", referrer: "http://k8s-master.ml/"
2021/06/28 01:41:17 [error] 22#22: *146 "/usr/share/nginx/html/phpMyAdmin-2.6.1-rc1/index.html" is not found (2: No such file or directory), client: 172.18.0.6, server: k8s-master.ml, request: "GET /phpMyAdmin-2.6.1-rc1/ HTTP/1.1", host: "k8s-master.ml", referrer: "http://k8s-master.ml/"
2021/06/28 01:41:18 [error] 22#22: *147 "/usr/share/nginx/html/phpMyAdmin-2.6.1-rc2/index.html" is not found (2: No such file or directory), client: 172.18.0.6, server: k8s-master.ml, request: "GET /phpMyAdmin-2.6.1-rc2/ HTTP/1.1", host: "k8s-master.ml", referrer: "http://k8s-master.ml/"
2021/06/28 01:41:19 [error] 22#22: *148 "/usr/share/nginx/html/phpMyAdmin-2.6.1/index.html" is not found (2: No such file or directory), client: 172.18.0.6, server: k8s-master.ml, request: "GET /phpMyAdmin-2.6.1/ HTTP/1.1", host: "k8s-master.ml", referrer: "http://k8s-master.ml/"
2021/06/28 01:41:20 [error] 22#22: *149 "/usr/share/nginx/html/phpMyAdmin-2.6.1-pl1/index.html" is not found (2: No such file or directory), client: 172.18.0.6, server: k8s-master.ml, request: "GET /phpMyAdmin-2.6.1-pl1/ HTTP/1.1", host: "k8s-master.ml", referrer: "http://k8s-master.ml/"
2021/06/28 01:41:20 [error] 22#22: *150 "/usr/share/nginx/html/phpMyAdmin-2.6.1-pl2/index.html" is not found (2: No such file or directory), client: 172.18.0.6, server: k8s-master.ml, request: "GET /phpMyAdmin-2.6.1-pl2/ HTTP/1.1", host: "k8s-master.ml", referrer: "http://k8s-master.ml/"
2021/06/28 01:41:21 [error] 22#22: *151 "/usr/share/nginx/html/phpMyAdmin-2.6.1-pl3/index.html" is not found (2: No such file or directory), client: 172.18.0.6, server: k8s-master.ml, request: "GET /phpMyAdmin-2.6.1-pl3/ HTTP/1.1", host: "k8s-master.ml", referrer: "http://k8s-master.ml/"
2021/06/28 01:41:22 [error] 22#22: *152 "/usr/share/nginx/html/phpMyAdmin-2.6.2-rc1/index.html" is not found (2: No such file or directory), client: 172.18.0.6, server: k8s-master.ml, request: "GET /phpMyAdmin-2.6.2-rc1/ HTTP/1.1", host: "k8s-master.ml", referrer: "http://k8s-master.ml/"
2021/06/28 01:41:23 [error] 22#22: *153 "/usr/share/nginx/html/phpMyAdmin-2.6.2-beta1/index.html" is not found (2: No such file or directory), client: 172.18.0.6, server: k8s-master.ml, request: "GET /phpMyAdmin-2.6.2-beta1/ HTTP/1.1", host: "k8s-master.ml", referrer: "http://k8s-master.ml/"
2021/06/28 01:41:23 [error] 22#22: *154 "/usr/share/nginx/html/phpMyAdmin-2.6.2-rc1/index.html" is not found (2: No such file or directory), client: 172.18.0.6, server: k8s-master.ml, request: "GET /phpMyAdmin-2.6.2-rc1/ HTTP/1.1", host: "k8s-master.ml", referrer: "http://k8s-master.ml/"
2021/06/28 01:41:24 [error] 22#22: *155 "/usr/share/nginx/html/phpMyAdmin-2.6.2/index.html" is not found (2: No such file or directory), client: 172.18.0.6, server: k8s-master.ml, request: "GET /phpMyAdmin-2.6.2/ HTTP/1.1", host: "k8s-master.ml", referrer: "http://k8s-master.ml/"
2021/06/28 01:41:25 [error] 22#22: *156 "/usr/share/nginx/html/phpMyAdmin-2.6.2-pl1/index.html" is not found (2: No such file or directory), client: 172.18.0.6, server: k8s-master.ml, request: "GET /phpMyAdmin-2.6.2-pl1/ HTTP/1.1", host: "k8s-master.ml", referrer: "http://k8s-master.ml/"
2021/06/28 01:41:26 [error] 22#22: *157 "/usr/share/nginx/html/phpMyAdmin-2.6.3/index.html" is not found (2: No such file or directory), client: 172.18.0.6, server: k8s-master.ml, request: "GET /phpMyAdmin-2.6.3/ HTTP/1.1", host: "k8s-master.ml", referrer: "http://k8s-master.ml/"
2021/06/28 01:41:27 [error] 22#22: *158 "/usr/share/nginx/html/phpMyAdmin-2.6.3-rc1/index.html" is not found (2: No such file or directory), client: 172.18.0.6, server: k8s-master.ml, request: "GET /phpMyAdmin-2.6.3-rc1/ HTTP/1.1", host: "k8s-master.ml", referrer: "http://k8s-master.ml/"
2021/06/28 01:41:27 [error] 22#22: *159 "/usr/share/nginx/html/phpMyAdmin-2.6.3/index.html" is not found (2: No such file or directory), client: 172.18.0.6, server: k8s-master.ml, request: "GET /phpMyAdmin-2.6.3/ HTTP/1.1", host: "k8s-master.ml", referrer: "http://k8s-master.ml/"
2021/06/28 01:41:28 [error] 22#22: *160 "/usr/share/nginx/html/phpMyAdmin-2.6.3-pl1/index.html" is not found (2: No such file or directory), client: 172.18.0.6, server: k8s-master.ml, request: "GET /phpMyAdmin-2.6.3-pl1/ HTTP/1.1", host: "k8s-master.ml", referrer: "http://k8s-master.ml/"
2021/06/28 01:41:29 [error] 22#22: *161 "/usr/share/nginx/html/phpMyAdmin-2.6.4-rc1/index.html" is not found (2: No such file or directory), client: 172.18.0.6, server: k8s-master.ml, request: "GET /phpMyAdmin-2.6.4-rc1/ HTTP/1.1", host: "k8s-master.ml", referrer: "http://k8s-master.ml/"
2021/06/28 01:41:30 [error] 22#22: *162 "/usr/share/nginx/html/phpMyAdmin-2.6.4-pl1/index.html" is not found (2: No such file or directory), client: 172.18.0.6, server: k8s-master.ml, request: "GET /phpMyAdmin-2.6.4-pl1/ HTTP/1.1", host: "k8s-master.ml", referrer: "http://k8s-master.ml/"
2021/06/28 01:41:30 [error] 22#22: *163 "/usr/share/nginx/html/phpMyAdmin-2.6.4-pl2/index.html" is not found (2: No such file or directory), client: 172.18.0.6, server: k8s-master.ml, request: "GET /phpMyAdmin-2.6.4-pl2/ HTTP/1.1", host: "k8s-master.ml", referrer: "http://k8s-master.ml/"
2021/06/28 01:41:31 [error] 22#22: *164 "/usr/share/nginx/html/phpMyAdmin-2.6.4-pl3/index.html" is not found (2: No such file or directory), client: 172.18.0.6, server: k8s-master.ml, request: "GET /phpMyAdmin-2.6.4-pl3/ HTTP/1.1", host: "k8s-master.ml", referrer: "http://k8s-master.ml/"
2021/06/28 01:41:32 [error] 22#22: *165 "/usr/share/nginx/html/phpMyAdmin-2.6.4-pl4/index.html" is not found (2: No such file or directory), client: 172.18.0.6, server: k8s-master.ml, request: "GET /phpMyAdmin-2.6.4-pl4/ HTTP/1.1", host: "k8s-master.ml", referrer: "http://k8s-master.ml/"
2021/06/28 01:41:33 [error] 22#22: *166 "/usr/share/nginx/html/phpMyAdmin-2.6.4/index.html" is not found (2: No such file or directory), client: 172.18.0.6, server: k8s-master.ml, request: "GET /phpMyAdmin-2.6.4/ HTTP/1.1", host: "k8s-master.ml", referrer: "http://k8s-master.ml/"
2021/06/28 01:41:34 [error] 22#22: *167 "/usr/share/nginx/html/phpMyAdmin-2.7.0-beta1/index.html" is not found (2: No such file or directory), client: 172.18.0.6, server: k8s-master.ml, request: "GET /phpMyAdmin-2.7.0-beta1/ HTTP/1.1", host: "k8s-master.ml", referrer: "http://k8s-master.ml/"
2021/06/28 01:41:34 [error] 22#22: *168 "/usr/share/nginx/html/phpMyAdmin-2.7.0-rc1/index.html" is not found (2: No such file or directory), client: 172.18.0.6, server: k8s-master.ml, request: "GET /phpMyAdmin-2.7.0-rc1/ HTTP/1.1", host: "k8s-master.ml", referrer: "http://k8s-master.ml/"
2021/06/28 01:41:35 [error] 22#22: *169 "/usr/share/nginx/html/phpMyAdmin-2.7.0-pl1/index.html" is not found (2: No such file or directory), client: 172.18.0.6, server: k8s-master.ml, request: "GET /phpMyAdmin-2.7.0-pl1/ HTTP/1.1", host: "k8s-master.ml", referrer: "http://k8s-master.ml/"
2021/06/28 01:41:36 [error] 22#22: *170 "/usr/share/nginx/html/phpMyAdmin-2.7.0-pl2/index.html" is not found (2: No such file or directory), client: 172.18.0.6, server: k8s-master.ml, request: "GET /phpMyAdmin-2.7.0-pl2/ HTTP/1.1", host: "k8s-master.ml", referrer: "http://k8s-master.ml/"
2021/06/28 01:41:37 [error] 22#22: *171 "/usr/share/nginx/html/phpMyAdmin-2.7.0/index.html" is not found (2: No such file or directory), client: 172.18.0.6, server: k8s-master.ml, request: "GET /phpMyAdmin-2.7.0/ HTTP/1.1", host: "k8s-master.ml", referrer: "http://k8s-master.ml/"
2021/06/28 01:41:37 [error] 22#22: *172 "/usr/share/nginx/html/phpMyAdmin-2.8.0-beta1/index.html" is not found (2: No such file or directory), client: 172.18.0.6, server: k8s-master.ml, request: "GET /phpMyAdmin-2.8.0-beta1/ HTTP/1.1", host: "k8s-master.ml", referrer: "http://k8s-master.ml/"
2021/06/28 01:41:38 [error] 22#22: *173 "/usr/share/nginx/html/phpMyAdmin-2.8.0-rc1/index.html" is not found (2: No such file or directory), client: 172.18.0.6, server: k8s-master.ml, request: "GET /phpMyAdmin-2.8.0-rc1/ HTTP/1.1", host: "k8s-master.ml", referrer: "http://k8s-master.ml/"
2021/06/28 01:41:39 [error] 22#22: *174 "/usr/share/nginx/html/phpMyAdmin-2.8.0-rc2/index.html" is not found (2: No such file or directory), client: 172.18.0.6, server: k8s-master.ml, request: "GET /phpMyAdmin-2.8.0-rc2/ HTTP/1.1", host: "k8s-master.ml", referrer: "http://k8s-master.ml/"
2021/06/28 01:41:40 [error] 22#22: *175 "/usr/share/nginx/html/phpMyAdmin-2.8.0/index.html" is not found (2: No such file or directory), client: 172.18.0.6, server: k8s-master.ml, request: "GET /phpMyAdmin-2.8.0/ HTTP/1.1", host: "k8s-master.ml", referrer: "http://k8s-master.ml/"
2021/06/28 01:41:40 [error] 22#22: *176 "/usr/share/nginx/html/phpMyAdmin-2.8.0.1/index.html" is not found (2: No such file or directory), client: 172.18.0.6, server: k8s-master.ml, request: "GET /phpMyAdmin-2.8.0.1/ HTTP/1.1", host: "k8s-master.ml", referrer: "http://k8s-master.ml/"
2021/06/28 01:41:41 [error] 22#22: *177 "/usr/share/nginx/html/phpMyAdmin-2.8.0.2/index.html" is not found (2: No such file or directory), client: 172.18.0.6, server: k8s-master.ml, request: "GET /phpMyAdmin-2.8.0.2/ HTTP/1.1", host: "k8s-master.ml", referrer: "http://k8s-master.ml/"
2021/06/28 01:41:42 [error] 22#22: *178 "/usr/share/nginx/html/phpMyAdmin-2.8.0.3/index.html" is not found (2: No such file or directory), client: 172.18.0.6, server: k8s-master.ml, request: "GET /phpMyAdmin-2.8.0.3/ HTTP/1.1", host: "k8s-master.ml", referrer: "http://k8s-master.ml/"
2021/06/28 01:41:43 [error] 22#22: *179 "/usr/share/nginx/html/phpMyAdmin-2.8.0.4/index.html" is not found (2: No such file or directory), client: 172.18.0.6, server: k8s-master.ml, request: "GET /phpMyAdmin-2.8.0.4/ HTTP/1.1", host: "k8s-master.ml", referrer: "http://k8s-master.ml/"
2021/06/28 01:41:44 [error] 22#22: *180 "/usr/share/nginx/html/phpMyAdmin-2.8.1-rc1/index.html" is not found (2: No such file or directory), client: 172.18.0.6, server: k8s-master.ml, request: "GET /phpMyAdmin-2.8.1-rc1/ HTTP/1.1", host: "k8s-master.ml", referrer: "http://k8s-master.ml/"
2021/06/28 01:41:44 [error] 22#22: *181 "/usr/share/nginx/html/phpMyAdmin-2.8.1/index.html" is not found (2: No such file or directory), client: 172.18.0.6, server: k8s-master.ml, request: "GET /phpMyAdmin-2.8.1/ HTTP/1.1", host: "k8s-master.ml", referrer: "http://k8s-master.ml/"
2021/06/28 01:41:45 [error] 22#22: *182 "/usr/share/nginx/html/phpMyAdmin-2.8.2/index.html" is not found (2: No such file or directory), client: 172.18.0.6, server: k8s-master.ml, request: "GET /phpMyAdmin-2.8.2/ HTTP/1.1", host: "k8s-master.ml", referrer: "http://k8s-master.ml/"
2021/06/28 01:41:46 [error] 22#22: *183 "/usr/share/nginx/html/sqlmanager/index.html" is not found (2: No such file or directory), client: 172.18.0.6, server: k8s-master.ml, request: "GET /sqlmanager/ HTTP/1.1", host: "k8s-master.ml", referrer: "http://k8s-master.ml/"
2021/06/28 01:41:47 [error] 22#22: *184 "/usr/share/nginx/html/mysqlmanager/index.html" is not found (2: No such file or directory), client: 172.18.0.6, server: k8s-master.ml, request: "GET /mysqlmanager/ HTTP/1.1", host: "k8s-master.ml", referrer: "http://k8s-master.ml/"
2021/06/28 01:41:47 [error] 22#22: *185 "/usr/share/nginx/html/p/m/a/index.html" is not found (2: No such file or directory), client: 172.18.0.6, server: k8s-master.ml, request: "GET /p/m/a/ HTTP/1.1", host: "k8s-master.ml", referrer: "http://k8s-master.ml/"
2021/06/28 01:41:48 [error] 22#22: *186 "/usr/share/nginx/html/PMA2005/index.html" is not found (2: No such file or directory), client: 172.18.0.6, server: k8s-master.ml, request: "GET /PMA2005/ HTTP/1.1", host: "k8s-master.ml", referrer: "http://k8s-master.ml/"
2021/06/28 01:41:49 [error] 22#22: *187 "/usr/share/nginx/html/pma2005/index.html" is not found (2: No such file or directory), client: 172.18.0.6, server: k8s-master.ml, request: "GET /pma2005/ HTTP/1.1", host: "k8s-master.ml", referrer: "http://k8s-master.ml/"
2021/06/28 01:41:50 [error] 22#22: *188 "/usr/share/nginx/html/phpmanager/index.html" is not found (2: No such file or directory), client: 172.18.0.6, server: k8s-master.ml, request: "GET /phpmanager/ HTTP/1.1", host: "k8s-master.ml", referrer: "http://k8s-master.ml/"
2021/06/28 01:41:50 [error] 22#22: *189 "/usr/share/nginx/html/php-myadmin/index.html" is not found (2: No such file or directory), client: 172.18.0.6, server: k8s-master.ml, request: "GET /php-myadmin/ HTTP/1.1", host: "k8s-master.ml", referrer: "http://k8s-master.ml/"
2021/06/28 01:41:51 [error] 22#22: *190 "/usr/share/nginx/html/phpmy-admin/index.html" is not found (2: No such file or directory), client: 172.18.0.6, server: k8s-master.ml, request: "GET /phpmy-admin/ HTTP/1.1", host: "k8s-master.ml", referrer: "http://k8s-master.ml/"
2021/06/28 01:41:52 [error] 22#22: *191 "/usr/share/nginx/html/webadmin/index.html" is not found (2: No such file or directory), client: 172.18.0.6, server: k8s-master.ml, request: "GET /webadmin/ HTTP/1.1", host: "k8s-master.ml", referrer: "http://k8s-master.ml/"
2021/06/28 01:41:53 [error] 22#22: *192 "/usr/share/nginx/html/sqlweb/index.html" is not found (2: No such file or directory), client: 172.18.0.6, server: k8s-master.ml, request: "GET /sqlweb/ HTTP/1.1", host: "k8s-master.ml", referrer: "http://k8s-master.ml/"
2021/06/28 01:41:54 [error] 22#22: *193 "/usr/share/nginx/html/websql/index.html" is not found (2: No such file or directory), client: 172.18.0.6, server: k8s-master.ml, request: "GET /websql/ HTTP/1.1", host: "k8s-master.ml", referrer: "http://k8s-master.ml/"
2021/06/28 01:41:54 [error] 22#22: *194 "/usr/share/nginx/html/webdb/index.html" is not found (2: No such file or directory), client: 172.18.0.6, server: k8s-master.ml, request: "GET /webdb/ HTTP/1.1", host: "k8s-master.ml", referrer: "http://k8s-master.ml/"
2021/06/28 01:41:55 [error] 22#22: *195 "/usr/share/nginx/html/mysqladmin/index.html" is not found (2: No such file or directory), client: 172.18.0.6, server: k8s-master.ml, request: "GET /mysqladmin/ HTTP/1.1", host: "k8s-master.ml", referrer: "http://k8s-master.ml/"
2021/06/28 01:41:56 [error] 22#22: *196 "/usr/share/nginx/html/mysql-admin/index.html" is not found (2: No such file or directory), client: 172.18.0.6, server: k8s-master.ml, request: "GET /mysql-admin/ HTTP/1.1", host: "k8s-master.ml", referrer: "http://k8s-master.ml/"
2021/06/28 02:04:31 [error] 22#22: *219 open() "/usr/share/nginx/html/robots.txt" failed (2: No such file or directory), client: 172.18.0.6, server: k8s-master.ml, request: "GET /robots.txt HTTP/1.1", host: "35.185.153.36"
2021/06/28 02:04:32 [error] 22#22: *220 open() "/usr/share/nginx/html/sitemap.xml" failed (2: No such file or directory), client: 172.18.0.6, server: k8s-master.ml, request: "GET /sitemap.xml HTTP/1.1", host: "35.185.153.36"
2021/06/28 02:04:33 [error] 22#22: *221 open() "/usr/share/nginx/html/.well-known/security.txt" failed (2: No such file or directory), client: 172.18.0.6, server: k8s-master.ml, request: "GET /.well-known/security.txt HTTP/1.1", host: "35.185.153.36"
2021/06/28 04:49:23 [error] 22#22: *248 open() "/usr/share/nginx/html/actuator/health" failed (2: No such file or directory), client: 172.18.0.6, server: k8s-master.ml, request: "GET /actuator/health HTTP/1.1", host: "35.185.153.36"
2021/06/28 05:31:32 [error] 22#22: *252 open() "/usr/share/nginx/html/mifs/.;/services/LogService" failed (2: No such file or directory), client: 172.18.0.6, server: k8s-master.ml, request: "POST /mifs/.;/services/LogService HTTP/1.1", host: "35.185.153.36:443", referrer: "https://35.185.153.36:443"
2021/06/28 05:31:34 [error] 22#22: *254 open() "/usr/share/nginx/html/wp-content/plugins/wp-file-manager/readme.txt" failed (2: No such file or directory), client: 172.18.0.6, server: k8s-master.ml, request: "GET /wp-content/plugins/wp-file-manager/readme.txt HTTP/1.1", host: "35.185.153.36:443"
2021/06/28 05:31:37 [error] 22#22: *255 open() "/usr/share/nginx/html/Autodiscover/Autodiscover.xml" failed (2: No such file or directory), client: 172.18.0.6, server: k8s-master.ml, request: "POST /Autodiscover/Autodiscover.xml HTTP/1.1", host: "35.185.153.36:443"
2021/06/28 05:31:37 [error] 22#22: *256 "/usr/share/nginx/html/console/index.html" is not found (2: No such file or directory), client: 172.18.0.6, server: k8s-master.ml, request: "GET /console/ HTTP/1.1", host: "35.185.153.36:443"
2021/06/28 05:31:40 [error] 22#22: *258 open() "/usr/share/nginx/html/_ignition/execute-solution" failed (2: No such file or directory), client: 172.18.0.6, server: k8s-master.ml, request: "GET /_ignition/execute-solution HTTP/1.1", host: "35.185.153.36:443"
2021/06/28 05:31:43 [error] 22#22: *259 open() "/usr/share/nginx/html/api/jsonws/invoke" failed (2: No such file or directory), client: 172.18.0.6, server: k8s-master.ml, request: "POST /api/jsonws/invoke HTTP/1.1", host: "35.185.153.36:443"
2021/06/28 05:31:46 [error] 22#22: *260 open() "/usr/share/nginx/html/vendor/phpunit/phpunit/src/Util/PHP/eval-stdin.php" failed (2: No such file or directory), client: 172.18.0.6, server: k8s-master.ml, request: "POST /vendor/phpunit/phpunit/src/Util/PHP/eval-stdin.php HTTP/1.1", host: "35.185.153.36:443"
2021/06/28 05:31:48 [error] 22#22: *261 open() "/usr/share/nginx/html/index.php" failed (2: No such file or directory), client: 172.18.0.6, server: k8s-master.ml, request: "GET /index.php?s=/Index/\think\app/invokefunction&function=call_user_func_array&vars[0]=md5&vars[1][]=HelloThinkPHP21 HTTP/1.1", host: "35.185.153.36:443"
2021/06/28 05:31:48 [error] 22#22: *262 open() "/usr/share/nginx/html/vendor/phpunit/phpunit/src/Util/PHP/eval-stdin.php" failed (2: No such file or directory), client: 172.18.0.6, server: k8s-master.ml, request: "GET /vendor/phpunit/phpunit/src/Util/PHP/eval-stdin.php HTTP/1.1", host: "35.185.153.36:443"
2021/06/28 06:22:49 [error] 22#22: *468 open() "/usr/share/nginx/html/ecp/Current/exporttool/microsoft.exchange.ediscovery.exporttool.application" failed (2: No such file or directory), client: 172.18.0.6, server: k8s-master.ml, request: "GET /ecp/Current/exporttool/microsoft.exchange.ediscovery.exporttool.application HTTP/1.1", host: "35.185.153.36"
2021/06/28 07:20:48 [error] 22#22: *472 "/usr/share/nginx/html/owa/index.html" is not found (2: No such file or directory), client: 172.18.0.6, server: k8s-master.ml, request: "GET /owa/ HTTP/1.1", host: "35.185.153.36"
2021/06/28 08:36:52 [error] 22#22: *673 open() "/usr/share/nginx/html/assets/css/index.css" failed (2: No such file or directory), client: 172.18.0.6, server: k8s-master.ml, request: "GET /assets/css/index.css?v=6acabb6727fa10a4d269ca5498be4e23 HTTP/1.1", host: "k8s-master.ml"
2021/06/28 08:36:52 [error] 22#22: *681 open() "/usr/share/nginx/html/assets/js/index.js" failed (2: No such file or directory), client: 172.18.0.6, server: k8s-master.ml, request: "GET /assets/js/index.js?v=6acabb6727fa10a4d269ca5498be4e23 HTTP/1.1", host: "k8s-master.ml"
2021/06/28 08:36:52 [error] 22#22: *682 open() "/usr/share/nginx/html/assets/img/loading.png" failed (2: No such file or directory), client: 172.18.0.6, server: k8s-master.ml, request: "GET /assets/img/loading.png HTTP/1.1", host: "k8s-master.ml"
2021/06/28 08:37:13 [error] 22#22: *674 open() "/usr/share/nginx/html/assets/css/index.css" failed (2: No such file or directory), client: 172.18.0.6, server: k8s-master.ml, request: "GET /assets/css/index.css?v=6acabb6727fa10a4d269ca5498be4e23 HTTP/1.1", host: "k8s-master.ml"
2021/06/28 08:37:13 [error] 22#22: *675 open() "/usr/share/nginx/html/assets/img/loading.png" failed (2: No such file or directory), client: 172.18.0.6, server: k8s-master.ml, request: "GET /assets/img/loading.png HTTP/1.1", host: "k8s-master.ml"
2021/06/28 08:37:13 [error] 22#22: *679 open() "/usr/share/nginx/html/assets/js/index.js" failed (2: No such file or directory), client: 172.18.0.6, server: k8s-master.ml, request: "GET /assets/js/index.js?v=6acabb6727fa10a4d269ca5498be4e23 HTTP/1.1", host: "k8s-master.ml"
2021/06/28 08:37:15 [error] 22#22: *674 open() "/usr/share/nginx/html/assets/css/index.css" failed (2: No such file or directory), client: 172.18.0.6, server: k8s-master.ml, request: "GET /assets/css/index.css?v=6acabb6727fa10a4d269ca5498be4e23 HTTP/1.1", host: "k8s-master.ml"
2021/06/28 08:37:15 [error] 22#22: *675 open() "/usr/share/nginx/html/assets/img/loading.png" failed (2: No such file or directory), client: 172.18.0.6, server: k8s-master.ml, request: "GET /assets/img/loading.png HTTP/1.1", host: "k8s-master.ml"
2021/06/28 08:37:15 [error] 22#22: *679 open() "/usr/share/nginx/html/assets/js/index.js" failed (2: No such file or directory), client: 172.18.0.6, server: k8s-master.ml, request: "GET /assets/js/index.js?v=6acabb6727fa10a4d269ca5498be4e23 HTTP/1.1", host: "k8s-master.ml"
2021/06/28 10:21:55 [notice] 1#1: signal 3 (SIGQUIT) received, shutting down
2021/06/28 10:21:55 [notice] 23#23: gracefully shutting down
2021/06/28 10:21:55 [notice] 23#23: exiting
2021/06/28 10:21:55 [notice] 23#23: exit
2021/06/28 10:21:55 [notice] 22#22: gracefully shutting down
2021/06/28 10:21:55 [notice] 22#22: exiting
2021/06/28 10:21:55 [notice] 22#22: exit
2021/06/28 10:21:55 [notice] 1#1: signal 17 (SIGCHLD) received from 23
2021/06/28 10:21:55 [notice] 1#1: worker process 23 exited with code 0
2021/06/28 10:21:55 [notice] 1#1: signal 29 (SIGIO) received
2021/06/28 10:21:55 [notice] 1#1: signal 17 (SIGCHLD) received from 22
2021/06/28 10:21:55 [notice] 1#1: worker process 22 exited with code 0
2021/06/28 10:21:55 [notice] 1#1: exit
2021/06/28 10:23:48 [emerg] 1#1: host not found in upstream "gitea" in /etc/nginx/conf.d/k8s-master.ml.conf:32
2021/06/28 10:23:50 [notice] 1#1: using the "epoll" event method
2021/06/28 10:23:50 [notice] 1#1: nginx/1.21.0
2021/06/28 10:23:50 [notice] 1#1: built by gcc 10.2.1 20201203 (Alpine 10.2.1_pre1) 
2021/06/28 10:23:50 [notice] 1#1: OS: Linux 4.18.0-305.3.1.el8.x86_64
2021/06/28 10:23:50 [notice] 1#1: getrlimit(RLIMIT_NOFILE): 1048576:1048576
2021/06/28 10:23:50 [notice] 1#1: start worker processes
2021/06/28 10:23:50 [notice] 1#1: start worker process 22
2021/06/28 10:23:50 [notice] 1#1: start worker process 23
2021/06/28 13:08:59 [error] 22#22: *235 open() "/usr/share/nginx/html/assets/img/apple-icon.png" failed (2: No such file or directory), client: 172.19.0.2, server: k8s-master.ml, request: "GET /assets/img/apple-icon.png HTTP/1.1", host: "36.153.185.35.bc.googleusercontent.com"
2021/07/09 16:12:50 [emerg] 1#1: host not found in upstream "gitea" in /etc/nginx/conf.d/k8s-master.tk.conf:33
2021/07/09 16:12:53 [notice] 1#1: using the "epoll" event method
2021/07/09 16:12:53 [notice] 1#1: nginx/1.21.1
2021/07/09 16:12:53 [notice] 1#1: built by gcc 10.3.1 20210424 (Alpine 10.3.1_git20210424) 
2021/07/09 16:12:53 [notice] 1#1: OS: Linux 4.18.0-305.3.1.el8_4.x86_64
2021/07/09 16:12:53 [notice] 1#1: getrlimit(RLIMIT_NOFILE): 1048576:1048576
2021/07/09 16:12:53 [notice] 1#1: start worker processes
2021/07/09 16:12:53 [notice] 1#1: start worker process 22
2021/07/09 16:12:53 [notice] 1#1: start worker process 23
2021/07/09 16:25:02 [error] 23#23: *8 open() "/usr/share/nginx/html/actuator/health" failed (2: No such file or directory), client: 172.19.0.8, server: k8s-master.tk, request: "GET /actuator/health HTTP/1.1", host: "104.199.212.122"
2021/07/09 16:39:41 [notice] 1#1: signal 3 (SIGQUIT) received, shutting down
2021/07/09 16:39:41 [notice] 23#23: gracefully shutting down
2021/07/09 16:39:41 [notice] 22#22: gracefully shutting down
2021/07/09 16:39:41 [notice] 22#22: exiting
2021/07/09 16:39:41 [notice] 23#23: exiting
2021/07/09 16:39:41 [notice] 23#23: exit
2021/07/09 16:39:41 [notice] 22#22: exit
2021/07/09 16:39:41 [notice] 1#1: signal 17 (SIGCHLD) received from 22
2021/07/09 16:39:41 [notice] 1#1: worker process 22 exited with code 0
2021/07/09 16:39:41 [notice] 1#1: signal 29 (SIGIO) received
2021/07/09 16:39:41 [notice] 1#1: signal 17 (SIGCHLD) received from 23
2021/07/09 16:39:41 [notice] 1#1: worker process 23 exited with code 0
2021/07/09 16:39:41 [notice] 1#1: exit
2021/07/09 16:40:33 [notice] 1#1: using the "epoll" event method
2021/07/09 16:40:33 [notice] 1#1: nginx/1.21.1
2021/07/09 16:40:33 [notice] 1#1: built by gcc 10.3.1 20210424 (Alpine 10.3.1_git20210424) 
2021/07/09 16:40:33 [notice] 1#1: OS: Linux 4.18.0-305.7.1.el8_4.x86_64
2021/07/09 16:40:33 [notice] 1#1: getrlimit(RLIMIT_NOFILE): 1048576:1048576
2021/07/09 16:40:33 [notice] 1#1: start worker processes
2021/07/09 16:40:33 [notice] 1#1: start worker process 22
2021/07/09 16:40:33 [notice] 1#1: start worker process 23
2021/07/09 17:28:59 [error] 22#22: *145 open() "/usr/share/nginx/html/owa/auth/logon.aspx" failed (2: No such file or directory), client: 172.19.0.6, server: k8s-master.tk, request: "GET /owa/auth/logon.aspx?url=https%3a%2f%2f1%2fecp%2f HTTP/1.1", host: "104.199.212.122"
2021/07/09 17:49:46 [error] 22#22: *301 upstream prematurely closed connection while reading upstream, client: 172.19.0.6, server: k8s-master.tk, request: "GET /grafana/api/gnet/dashboards/193 HTTP/1.1", upstream: "http://172.19.0.12:3000/api/gnet/dashboards/193", host: "k8s-master.tk", referrer: "https://k8s-master.tk/grafana/dashboard/import"
2021/07/09 17:50:08 [error] 22#22: *303 upstream prematurely closed connection while reading upstream, client: 172.19.0.6, server: k8s-master.tk, request: "GET /grafana/api/gnet/dashboards/193 HTTP/1.1", upstream: "http://172.19.0.12:3000/api/gnet/dashboards/193", host: "k8s-master.tk", referrer: "https://k8s-master.tk/grafana/dashboard/import"
2021/07/09 19:06:19 [notice] 1#1: signal 3 (SIGQUIT) received, shutting down
2021/07/09 19:06:19 [notice] 23#23: gracefully shutting down
2021/07/09 19:06:19 [notice] 23#23: exiting
2021/07/09 19:06:19 [notice] 23#23: exit
2021/07/09 19:06:19 [notice] 22#22: gracefully shutting down
2021/07/09 19:06:19 [notice] 22#22: exiting
2021/07/09 19:06:19 [notice] 22#22: exit
2021/07/09 19:06:20 [notice] 1#1: signal 17 (SIGCHLD) received from 23
2021/07/09 19:06:20 [notice] 1#1: worker process 23 exited with code 0
2021/07/09 19:06:20 [notice] 1#1: signal 29 (SIGIO) received
2021/07/09 19:06:20 [notice] 1#1: signal 17 (SIGCHLD) received from 22
2021/07/09 19:06:20 [notice] 1#1: worker process 22 exited with code 0
2021/07/09 19:06:20 [notice] 1#1: exit
