2021/06/25 16:17:30 [notice] 1#1: using the "epoll" event method
2021/06/25 16:17:30 [notice] 1#1: nginx/1.21.0
2021/06/25 16:17:30 [notice] 1#1: built by gcc 10.2.1 20201203 (Alpine 10.2.1_pre1) 
2021/06/25 16:17:30 [notice] 1#1: OS: Linux 4.18.0-305.3.1.el8.x86_64
2021/06/25 16:17:30 [notice] 1#1: getrlimit(RLIMIT_NOFILE): 1048576:1048576
2021/06/25 16:17:30 [notice] 1#1: start worker processes
2021/06/25 16:17:30 [notice] 1#1: start worker process 22
2021/06/25 16:17:30 [notice] 1#1: start worker process 23
2021/06/25 16:20:04 [notice] 1#1: signal 3 (SIGQUIT) received, shutting down
2021/06/25 16:20:04 [notice] 23#23: gracefully shutting down
2021/06/25 16:20:04 [notice] 23#23: exiting
2021/06/25 16:20:04 [notice] 23#23: exit
2021/06/25 16:20:04 [notice] 22#22: gracefully shutting down
2021/06/25 16:20:04 [notice] 22#22: exiting
2021/06/25 16:20:04 [notice] 22#22: exit
2021/06/25 16:20:04 [notice] 1#1: signal 17 (SIGCHLD) received from 23
2021/06/25 16:20:04 [notice] 1#1: worker process 23 exited with code 0
2021/06/25 16:20:04 [notice] 1#1: signal 29 (SIGIO) received
2021/06/25 16:20:04 [notice] 1#1: signal 17 (SIGCHLD) received from 22
2021/06/25 16:20:04 [notice] 1#1: worker process 22 exited with code 0
2021/06/25 16:20:04 [notice] 1#1: exit
